Running: /opt/Xilinx/14.7/ISE_DS/ISE/bin/lin64/unwrapped/fuse -intstyle ise -incremental -lib unisims_ver -lib unimacro_ver -lib xilinxcorelib_ver -lib secureip -o /home/ise/ise_projects/Thesis/testcompute_tb_isim_beh.exe -prj /home/ise/ise_projects/Thesis/testcompute_tb_beh.prj work.testcompute_tb work.glbl 
ISim P.20160913 (signature 0xfbc00daa)
Number of CPUs detected in this system: 1
Turning on mult-threading, number of parallel sub-compilation jobs: 0 
Determining compilation order of HDL files
Analyzing Verilog file "/home/ise/ise_projects/Thesis/sinetable.v" into library work
Analyzing Verilog file "/home/ise/ise_projects/Thesis/testcompute.v" into library work
Analyzing Verilog file "/home/ise/ise_projects/Thesis/testcompute_tb.v" into library work
Analyzing Verilog file "/opt/Xilinx/14.7/ISE_DS/ISE//verilog/src/glbl.v" into library work
Starting static elaboration
Completed static elaboration
Fuse Memory Usage: 97536 KB
Fuse CPU Usage: 1570 ms
Compiling module sinetable
Compiling module testcompute
Compiling module testcompute_tb
Compiling module glbl
Time Resolution for simulation is 1ps.
Compiled 4 Verilog Units
Built simulation executable /home/ise/ise_projects/Thesis/testcompute_tb_isim_beh.exe
Fuse Memory Usage: 114584 KB
Fuse CPU Usage: 2310 ms
GCC CPU Usage: 19220 ms
