Release 14.7 - ngc2edif P.20160913 (lin64)
Copyright (c) 1995-2013 Xilinx, Inc.  All rights reserved.
Reading design top.ngc ...
WARNING:NetListWriters:298 - No output is written to top.xncf, ignored.
Processing design ...
   Preping design's networks ...
   Preping design's macros ...
  finished :Prep
Writing EDIF netlist file top.edif ...
ngc2edif: Total memory usage is 105848 kilobytes

Release 14.7 - ngc2edif P.20160913 (lin64)
Copyright (c) 1995-2013 Xilinx, Inc.  All rights reserved.
Reading design top.ngc ...
WARNING:NetListWriters:298 - No output is written to top.xncf, ignored.
Processing design ...
   Preping design's networks ...
   Preping design's macros ...
  finished :Prep
Writing EDIF netlist file top.edif ...
ngc2edif: Total memory usage is 105852 kilobytes

Release 14.7 - ngc2edif P.20131013 (lin64)
Copyright (c) 1995-2013 Xilinx, Inc.  All rights reserved.
Reading design top.ngc ...
WARNING:NetListWriters:298 - No output is written to top.xncf, ignored.
Processing design ...
   Preping design's networks ...
   Preping design's macros ...
WARNING:NetListWriters:306 - Signal bus finishedsignal<10 : 0> on block top is
   not reconstructed, because there are some missing bus signals.
WARNING:NetListWriters:306 - Signal bus
   theBigOne/thirtytwoblockZero/sixteenblockOne/eightblockZero/fourblockOne/twob
   lockOne/adder/sum<15 : 0> on block top is not reconstructed, because there
   are some missing bus signals.
WARNING:NetListWriters:306 - Signal bus
   theBigOne/thirtytwoblockZero/sixteenblockOne/eightblockZero/fourblockOne/twob
   lockZero/adder/sum<15 : 0> on block top is not reconstructed, because there
   are some missing bus signals.
WARNING:NetListWriters:306 - Signal bus
   theBigOne/thirtytwoblockZero/sixteenblockOne/eightblockZero/fourblockOne/twob
   lockOne/adder/a[15]_b[15]_add_1_OUT<15 : 0> on block top is not
   reconstructed, because there are some missing bus signals.
WARNING:NetListWriters:306 - Signal bus
   theBigOne/thirtytwoblockZero/sixteenblockOne/eightblockZero/fourblockOne/twob
   lockZero/adder/a[15]_b[15]_add_1_OUT<15 : 0> on block top is not
   reconstructed, because there are some missing bus signals.
WARNING:NetListWriters:306 - Signal bus
   theBigOne/thirtytwoblockZero/sixteenblockOne/eightblockZero/fourblockOne/adde
   r/a[15]_b[15]_add_1_OUT<15 : 0> on block top is not reconstructed, because
   there are some missing bus signals.
WARNING:NetListWriters:306 - Signal bus
   theBigOne/thirtytwoblockZero/sixteenblockOne/eightblockZero/fourblockZero/two
   blockOne/adder/sum<15 : 0> on block top is not reconstructed, because there
   are some missing bus signals.
WARNING:NetListWriters:306 - Signal bus
   theBigOne/thirtytwoblockZero/sixteenblockOne/eightblockZero/fourblockZero/two
   blockZero/adder/sum<15 : 0> on block top is not reconstructed, because there
   are some missing bus signals.
WARNING:NetListWriters:306 - Signal bus
   theBigOne/thirtytwoblockZero/sixteenblockOne/eightblockZero/fourblockZero/two
   blockOne/adder/a[15]_b[15]_add_1_OUT<15 : 0> on block top is not
   reconstructed, because there are some missing bus signals.
WARNING:NetListWriters:306 - Signal bus
   theBigOne/thirtytwoblockZero/sixteenblockOne/eightblockZero/fourblockZero/two
   blockZero/adder/a[15]_b[15]_add_1_OUT<15 : 0> on block top is not
   reconstructed, because there are some missing bus signals.
WARNING:NetListWriters:306 - Signal bus
   theBigOne/thirtytwoblockZero/sixteenblockOne/eightblockZero/fourblockZero/add
   er/a[15]_b[15]_add_1_OUT<15 : 0> on block top is not reconstructed, because
   there are some missing bus signals.
WARNING:NetListWriters:306 - Signal bus
   theBigOne/thirtytwoblockZero/sixteenblockOne/eightblockOne/fourblockOne/twobl
   ockOne/adder/sum<15 : 0> on block top is not reconstructed, because there are
   some missing bus signals.
WARNING:NetListWriters:306 - Signal bus
   theBigOne/thirtytwoblockZero/sixteenblockOne/eightblockOne/fourblockOne/twobl
   ockZero/adder/sum<15 : 0> on block top is not reconstructed, because there
   are some missing bus signals.
WARNING:NetListWriters:306 - Signal bus
   theBigOne/thirtytwoblockZero/sixteenblockOne/eightblockOne/fourblockOne/twobl
   ockOne/adder/a[15]_b[15]_add_1_OUT<15 : 0> on block top is not reconstructed,
   because there are some missing bus signals.
WARNING:NetListWriters:306 - Signal bus
   theBigOne/thirtytwoblockZero/sixteenblockOne/eightblockOne/fourblockOne/twobl
   ockZero/adder/a[15]_b[15]_add_1_OUT<15 : 0> on block top is not
   reconstructed, because there are some missing bus signals.
WARNING:NetListWriters:306 - Signal bus
   theBigOne/thirtytwoblockZero/sixteenblockOne/eightblockOne/fourblockOne/adder
   /a[15]_b[15]_add_1_OUT<15 : 0> on block top is not reconstructed, because
   there are some missing bus signals.
WARNING:NetListWriters:306 - Signal bus
   theBigOne/thirtytwoblockZero/sixteenblockOne/eightblockOne/fourblockZero/twob
   lockOne/adder/sum<15 : 0> on block top is not reconstructed, because there
   are some missing bus signals.
WARNING:NetListWriters:306 - Signal bus
   theBigOne/thirtytwoblockZero/sixteenblockOne/eightblockOne/fourblockZero/twob
   lockZero/adder/sum<15 : 0> on block top is not reconstructed, because there
   are some missing bus signals.
WARNING:NetListWriters:306 - Signal bus
   theBigOne/thirtytwoblockZero/sixteenblockOne/eightblockOne/fourblockZero/twob
   lockOne/adder/a[15]_b[15]_add_1_OUT<15 : 0> on block top is not
   reconstructed, because there are some missing bus signals.
WARNING:NetListWriters:306 - Signal bus
   theBigOne/thirtytwoblockZero/sixteenblockOne/eightblockOne/fourblockZero/twob
   lockZero/adder/a[15]_b[15]_add_1_OUT<15 : 0> on block top is not
   reconstructed, because there are some missing bus signals.
WARNING:NetListWriters:306 - Signal bus
   theBigOne/thirtytwoblockZero/sixteenblockOne/eightblockOne/fourblockZero/adde
   r/a[15]_b[15]_add_1_OUT<15 : 0> on block top is not reconstructed, because
   there are some missing bus signals.
WARNING:NetListWriters:306 - Signal bus
   theBigOne/thirtytwoblockZero/sixteenblockZero/eightblockZero/fourblockOne/two
   blockOne/adder/sum<15 : 0> on block top is not reconstructed, because there
   are some missing bus signals.
WARNING:NetListWriters:306 - Signal bus
   theBigOne/thirtytwoblockZero/sixteenblockZero/eightblockZero/fourblockOne/two
   blockZero/adder/sum<15 : 0> on block top is not reconstructed, because there
   are some missing bus signals.
WARNING:NetListWriters:306 - Signal bus
   theBigOne/thirtytwoblockZero/sixteenblockZero/eightblockZero/fourblockOne/two
   blockOne/adder/a[15]_b[15]_add_1_OUT<15 : 0> on block top is not
   reconstructed, because there are some missing bus signals.
WARNING:NetListWriters:306 - Signal bus
   theBigOne/thirtytwoblockZero/sixteenblockZero/eightblockZero/fourblockOne/two
   blockZero/adder/a[15]_b[15]_add_1_OUT<15 : 0> on block top is not
   reconstructed, because there are some missing bus signals.
WARNING:NetListWriters:306 - Signal bus
   theBigOne/thirtytwoblockZero/sixteenblockZero/eightblockZero/fourblockOne/add
   er/a[15]_b[15]_add_1_OUT<15 : 0> on block top is not reconstructed, because
   there are some missing bus signals.
WARNING:NetListWriters:306 - Signal bus
   theBigOne/thirtytwoblockZero/sixteenblockZero/eightblockZero/fourblockZero/tw
   oblockOne/adder/sum<15 : 0> on block top is not reconstructed, because there
   are some missing bus signals.
WARNING:NetListWriters:306 - Signal bus
   theBigOne/thirtytwoblockZero/sixteenblockZero/eightblockZero/fourblockZero/tw
   oblockZero/adder/sum<15 : 0> on block top is not reconstructed, because there
   are some missing bus signals.
WARNING:NetListWriters:306 - Signal bus
   theBigOne/thirtytwoblockZero/sixteenblockZero/eightblockZero/fourblockZero/tw
   oblockOne/adder/a[15]_b[15]_add_1_OUT<15 : 0> on block top is not
   reconstructed, because there are some missing bus signals.
WARNING:NetListWriters:306 - Signal bus
   theBigOne/thirtytwoblockZero/sixteenblockZero/eightblockZero/fourblockZero/tw
   oblockZero/adder/a[15]_b[15]_add_1_OUT<15 : 0> on block top is not
   reconstructed, because there are some missing bus signals.
WARNING:NetListWriters:306 - Signal bus
   theBigOne/thirtytwoblockZero/sixteenblockZero/eightblockZero/fourblockZero/ad
   der/a[15]_b[15]_add_1_OUT<15 : 0> on block top is not reconstructed, because
   there are some missing bus signals.
WARNING:NetListWriters:306 - Signal bus
   theBigOne/thirtytwoblockZero/sixteenblockZero/eightblockOne/fourblockOne/twob
   lockOne/adder/sum<15 : 0> on block top is not reconstructed, because there
   are some missing bus signals.
WARNING:NetListWriters:306 - Signal bus
   theBigOne/thirtytwoblockZero/sixteenblockZero/eightblockOne/fourblockOne/twob
   lockZero/adder/sum<15 : 0> on block top is not reconstructed, because there
   are some missing bus signals.
WARNING:NetListWriters:306 - Signal bus
   theBigOne/thirtytwoblockZero/sixteenblockZero/eightblockOne/fourblockOne/twob
   lockOne/adder/a[15]_b[15]_add_1_OUT<15 : 0> on block top is not
   reconstructed, because there are some missing bus signals.
WARNING:NetListWriters:306 - Signal bus
   theBigOne/thirtytwoblockZero/sixteenblockZero/eightblockOne/fourblockOne/twob
   lockZero/adder/a[15]_b[15]_add_1_OUT<15 : 0> on block top is not
   reconstructed, because there are some missing bus signals.
WARNING:NetListWriters:306 - Signal bus
   theBigOne/thirtytwoblockZero/sixteenblockZero/eightblockOne/fourblockOne/adde
   r/a[15]_b[15]_add_1_OUT<15 : 0> on block top is not reconstructed, because
   there are some missing bus signals.
WARNING:NetListWriters:306 - Signal bus
   theBigOne/thirtytwoblockZero/sixteenblockZero/eightblockOne/fourblockZero/two
   blockOne/adder/sum<15 : 0> on block top is not reconstructed, because there
   are some missing bus signals.
WARNING:NetListWriters:306 - Signal bus
   theBigOne/thirtytwoblockZero/sixteenblockZero/eightblockOne/fourblockZero/two
   blockZero/adder/sum<15 : 0> on block top is not reconstructed, because there
   are some missing bus signals.
WARNING:NetListWriters:306 - Signal bus
   theBigOne/thirtytwoblockZero/sixteenblockZero/eightblockOne/fourblockZero/two
   blockOne/adder/a[15]_b[15]_add_1_OUT<15 : 0> on block top is not
   reconstructed, because there are some missing bus signals.
WARNING:NetListWriters:306 - Signal bus
   theBigOne/thirtytwoblockZero/sixteenblockZero/eightblockOne/fourblockZero/two
   blockZero/adder/a[15]_b[15]_add_1_OUT<15 : 0> on block top is not
   reconstructed, because there are some missing bus signals.
WARNING:NetListWriters:306 - Signal bus
   theBigOne/thirtytwoblockZero/sixteenblockZero/eightblockOne/fourblockZero/add
   er/a[15]_b[15]_add_1_OUT<15 : 0> on block top is not reconstructed, because
   there are some missing bus signals.
WARNING:NetListWriters:306 - Signal bus
   theBigOne/thirtytwoblockOne/sixteenblockOne/eightblockZero/fourblockOne/twobl
   ockOne/adder/sum<15 : 0> on block top is not reconstructed, because there are
   some missing bus signals.
WARNING:NetListWriters:306 - Signal bus
   theBigOne/thirtytwoblockOne/sixteenblockOne/eightblockZero/fourblockOne/twobl
   ockZero/adder/sum<15 : 0> on block top is not reconstructed, because there
   are some missing bus signals.
WARNING:NetListWriters:306 - Signal bus
   theBigOne/thirtytwoblockOne/sixteenblockOne/eightblockZero/fourblockOne/twobl
   ockOne/adder/a[15]_b[15]_add_1_OUT<15 : 0> on block top is not reconstructed,
   because there are some missing bus signals.
WARNING:NetListWriters:306 - Signal bus
   theBigOne/thirtytwoblockOne/sixteenblockOne/eightblockZero/fourblockOne/twobl
   ockZero/adder/a[15]_b[15]_add_1_OUT<15 : 0> on block top is not
   reconstructed, because there are some missing bus signals.
WARNING:NetListWriters:306 - Signal bus
   theBigOne/thirtytwoblockOne/sixteenblockOne/eightblockZero/fourblockOne/adder
   /a[15]_b[15]_add_1_OUT<15 : 0> on block top is not reconstructed, because
   there are some missing bus signals.
WARNING:NetListWriters:306 - Signal bus
   theBigOne/thirtytwoblockOne/sixteenblockOne/eightblockZero/fourblockZero/twob
   lockOne/adder/sum<15 : 0> on block top is not reconstructed, because there
   are some missing bus signals.
WARNING:NetListWriters:306 - Signal bus
   theBigOne/thirtytwoblockOne/sixteenblockOne/eightblockZero/fourblockZero/twob
   lockZero/adder/sum<15 : 0> on block top is not reconstructed, because there
   are some missing bus signals.
WARNING:NetListWriters:306 - Signal bus
   theBigOne/thirtytwoblockOne/sixteenblockOne/eightblockZero/fourblockZero/twob
   lockOne/adder/a[15]_b[15]_add_1_OUT<15 : 0> on block top is not
   reconstructed, because there are some missing bus signals.
WARNING:NetListWriters:306 - Signal bus
   theBigOne/thirtytwoblockOne/sixteenblockOne/eightblockZero/fourblockZero/twob
   lockZero/adder/a[15]_b[15]_add_1_OUT<15 : 0> on block top is not
   reconstructed, because there are some missing bus signals.
WARNING:NetListWriters:306 - Signal bus
   theBigOne/thirtytwoblockOne/sixteenblockOne/eightblockZero/fourblockZero/adde
   r/a[15]_b[15]_add_1_OUT<15 : 0> on block top is not reconstructed, because
   there are some missing bus signals.
WARNING:NetListWriters:306 - Signal bus
   theBigOne/thirtytwoblockOne/sixteenblockOne/eightblockOne/fourblockOne/twoblo
   ckOne/adder/sum<15 : 0> on block top is not reconstructed, because there are
   some missing bus signals.
WARNING:NetListWriters:306 - Signal bus
   theBigOne/thirtytwoblockOne/sixteenblockOne/eightblockOne/fourblockOne/twoblo
   ckZero/adder/sum<15 : 0> on block top is not reconstructed, because there are
   some missing bus signals.
WARNING:NetListWriters:306 - Signal bus
   theBigOne/thirtytwoblockOne/sixteenblockOne/eightblockOne/fourblockOne/twoblo
   ckOne/adder/a[15]_b[15]_add_1_OUT<15 : 0> on block top is not reconstructed,
   because there are some missing bus signals.
WARNING:NetListWriters:306 - Signal bus
   theBigOne/thirtytwoblockOne/sixteenblockOne/eightblockOne/fourblockOne/twoblo
   ckZero/adder/a[15]_b[15]_add_1_OUT<15 : 0> on block top is not reconstructed,
   because there are some missing bus signals.
WARNING:NetListWriters:306 - Signal bus
   theBigOne/thirtytwoblockOne/sixteenblockOne/eightblockOne/fourblockOne/adder/
   a[15]_b[15]_add_1_OUT<15 : 0> on block top is not reconstructed, because
   there are some missing bus signals.
WARNING:NetListWriters:306 - Signal bus
   theBigOne/thirtytwoblockOne/sixteenblockOne/eightblockOne/fourblockZero/twobl
   ockOne/adder/sum<15 : 0> on block top is not reconstructed, because there are
   some missing bus signals.
WARNING:NetListWriters:306 - Signal bus
   theBigOne/thirtytwoblockOne/sixteenblockOne/eightblockOne/fourblockZero/twobl
   ockZero/adder/sum<15 : 0> on block top is not reconstructed, because there
   are some missing bus signals.
WARNING:NetListWriters:306 - Signal bus
   theBigOne/thirtytwoblockOne/sixteenblockOne/eightblockOne/fourblockZero/twobl
   ockOne/adder/a[15]_b[15]_add_1_OUT<15 : 0> on block top is not reconstructed,
   because there are some missing bus signals.
WARNING:NetListWriters:306 - Signal bus
   theBigOne/thirtytwoblockOne/sixteenblockOne/eightblockOne/fourblockZero/twobl
   ockZero/adder/a[15]_b[15]_add_1_OUT<15 : 0> on block top is not
   reconstructed, because there are some missing bus signals.
WARNING:NetListWriters:306 - Signal bus
   theBigOne/thirtytwoblockOne/sixteenblockOne/eightblockOne/fourblockZero/adder
   /a[15]_b[15]_add_1_OUT<15 : 0> on block top is not reconstructed, because
   there are some missing bus signals.
WARNING:NetListWriters:306 - Signal bus
   theBigOne/thirtytwoblockOne/sixteenblockZero/eightblockZero/fourblockOne/twob
   lockOne/adder/sum<15 : 0> on block top is not reconstructed, because there
   are some missing bus signals.
WARNING:NetListWriters:306 - Signal bus
   theBigOne/thirtytwoblockOne/sixteenblockZero/eightblockZero/fourblockOne/twob
   lockZero/adder/sum<15 : 0> on block top is not reconstructed, because there
   are some missing bus signals.
WARNING:NetListWriters:306 - Signal bus
   theBigOne/thirtytwoblockOne/sixteenblockZero/eightblockZero/fourblockOne/twob
   lockOne/adder/a[15]_b[15]_add_1_OUT<15 : 0> on block top is not
   reconstructed, because there are some missing bus signals.
WARNING:NetListWriters:306 - Signal bus
   theBigOne/thirtytwoblockOne/sixteenblockZero/eightblockZero/fourblockOne/twob
   lockZero/adder/a[15]_b[15]_add_1_OUT<15 : 0> on block top is not
   reconstructed, because there are some missing bus signals.
WARNING:NetListWriters:306 - Signal bus
   theBigOne/thirtytwoblockOne/sixteenblockZero/eightblockZero/fourblockOne/adde
   r/a[15]_b[15]_add_1_OUT<15 : 0> on block top is not reconstructed, because
   there are some missing bus signals.
WARNING:NetListWriters:306 - Signal bus
   theBigOne/thirtytwoblockOne/sixteenblockZero/eightblockZero/fourblockZero/two
   blockOne/adder/sum<15 : 0> on block top is not reconstructed, because there
   are some missing bus signals.
WARNING:NetListWriters:306 - Signal bus
   theBigOne/thirtytwoblockOne/sixteenblockZero/eightblockZero/fourblockZero/two
   blockZero/adder/sum<15 : 0> on block top is not reconstructed, because there
   are some missing bus signals.
WARNING:NetListWriters:306 - Signal bus
   theBigOne/thirtytwoblockOne/sixteenblockZero/eightblockZero/fourblockZero/two
   blockOne/adder/a[15]_b[15]_add_1_OUT<15 : 0> on block top is not
   reconstructed, because there are some missing bus signals.
WARNING:NetListWriters:306 - Signal bus
   theBigOne/thirtytwoblockOne/sixteenblockZero/eightblockZero/fourblockZero/two
   blockZero/adder/a[15]_b[15]_add_1_OUT<15 : 0> on block top is not
   reconstructed, because there are some missing bus signals.
WARNING:NetListWriters:306 - Signal bus
   theBigOne/thirtytwoblockOne/sixteenblockZero/eightblockZero/fourblockZero/add
   er/a[15]_b[15]_add_1_OUT<15 : 0> on block top is not reconstructed, because
   there are some missing bus signals.
WARNING:NetListWriters:306 - Signal bus
   theBigOne/thirtytwoblockOne/sixteenblockZero/eightblockOne/fourblockOne/twobl
   ockOne/adder/sum<15 : 0> on block top is not reconstructed, because there are
   some missing bus signals.
WARNING:NetListWriters:306 - Signal bus
   theBigOne/thirtytwoblockOne/sixteenblockZero/eightblockOne/fourblockOne/twobl
   ockZero/adder/sum<15 : 0> on block top is not reconstructed, because there
   are some missing bus signals.
WARNING:NetListWriters:306 - Signal bus
   theBigOne/thirtytwoblockOne/sixteenblockZero/eightblockOne/fourblockOne/twobl
   ockOne/adder/a[15]_b[15]_add_1_OUT<15 : 0> on block top is not reconstructed,
   because there are some missing bus signals.
WARNING:NetListWriters:306 - Signal bus
   theBigOne/thirtytwoblockOne/sixteenblockZero/eightblockOne/fourblockOne/twobl
   ockZero/adder/a[15]_b[15]_add_1_OUT<15 : 0> on block top is not
   reconstructed, because there are some missing bus signals.
WARNING:NetListWriters:306 - Signal bus
   theBigOne/thirtytwoblockOne/sixteenblockZero/eightblockOne/fourblockOne/adder
   /a[15]_b[15]_add_1_OUT<15 : 0> on block top is not reconstructed, because
   there are some missing bus signals.
WARNING:NetListWriters:306 - Signal bus
   theBigOne/thirtytwoblockOne/sixteenblockZero/eightblockOne/fourblockZero/twob
   lockOne/adder/sum<15 : 0> on block top is not reconstructed, because there
   are some missing bus signals.
WARNING:NetListWriters:306 - Signal bus
   theBigOne/thirtytwoblockOne/sixteenblockZero/eightblockOne/fourblockZero/twob
   lockZero/adder/sum<15 : 0> on block top is not reconstructed, because there
   are some missing bus signals.
WARNING:NetListWriters:306 - Signal bus
   theBigOne/thirtytwoblockOne/sixteenblockZero/eightblockOne/fourblockZero/twob
   lockOne/adder/a[15]_b[15]_add_1_OUT<15 : 0> on block top is not
   reconstructed, because there are some missing bus signals.
WARNING:NetListWriters:306 - Signal bus
   theBigOne/thirtytwoblockOne/sixteenblockZero/eightblockOne/fourblockZero/twob
   lockZero/adder/a[15]_b[15]_add_1_OUT<15 : 0> on block top is not
   reconstructed, because there are some missing bus signals.
WARNING:NetListWriters:306 - Signal bus
   theBigOne/thirtytwoblockOne/sixteenblockZero/eightblockOne/fourblockZero/adde
   r/a[15]_b[15]_add_1_OUT<15 : 0> on block top is not reconstructed, because
   there are some missing bus signals.
WARNING:NetListWriters:306 - Signal bus
   theBigOne/thirtytwoblockOne/sixteenblockZero/eightblockOne/fourblockOne/adder
   /sum<15 : 0> on block top is not reconstructed, because there are some
   missing bus signals.
WARNING:NetListWriters:306 - Signal bus
   theBigOne/thirtytwoblockOne/sixteenblockZero/eightblockOne/fourblockZero/adde
   r/sum<15 : 0> on block top is not reconstructed, because there are some
   missing bus signals.
WARNING:NetListWriters:306 - Signal bus
   theBigOne/thirtytwoblockOne/sixteenblockZero/eightblockOne/adder/a[15]_b[15]_
   add_1_OUT<15 : 0> on block top is not reconstructed, because there are some
   missing bus signals.
WARNING:NetListWriters:306 - Signal bus
   theBigOne/thirtytwoblockOne/sixteenblockZero/eightblockZero/fourblockOne/adde
   r/sum<15 : 0> on block top is not reconstructed, because there are some
   missing bus signals.
WARNING:NetListWriters:306 - Signal bus
   theBigOne/thirtytwoblockOne/sixteenblockZero/eightblockZero/fourblockZero/add
   er/sum<15 : 0> on block top is not reconstructed, because there are some
   missing bus signals.
WARNING:NetListWriters:306 - Signal bus
   theBigOne/thirtytwoblockOne/sixteenblockZero/eightblockZero/adder/a[15]_b[15]
   _add_1_OUT<15 : 0> on block top is not reconstructed, because there are some
   missing bus signals.
WARNING:NetListWriters:306 - Signal bus
   theBigOne/thirtytwoblockOne/sixteenblockOne/eightblockOne/fourblockOne/adder/
   sum<15 : 0> on block top is not reconstructed, because there are some missing
   bus signals.
WARNING:NetListWriters:306 - Signal bus
   theBigOne/thirtytwoblockOne/sixteenblockOne/eightblockOne/fourblockZero/adder
   /sum<15 : 0> on block top is not reconstructed, because there are some
   missing bus signals.
WARNING:NetListWriters:306 - Signal bus
   theBigOne/thirtytwoblockOne/sixteenblockOne/eightblockOne/adder/a[15]_b[15]_a
   dd_1_OUT<15 : 0> on block top is not reconstructed, because there are some
   missing bus signals.
WARNING:NetListWriters:306 - Signal bus
   theBigOne/thirtytwoblockOne/sixteenblockOne/eightblockZero/fourblockOne/adder
   /sum<15 : 0> on block top is not reconstructed, because there are some
   missing bus signals.
WARNING:NetListWriters:306 - Signal bus
   theBigOne/thirtytwoblockOne/sixteenblockOne/eightblockZero/fourblockZero/adde
   r/sum<15 : 0> on block top is not reconstructed, because there are some
   missing bus signals.
WARNING:NetListWriters:306 - Signal bus
   theBigOne/thirtytwoblockOne/sixteenblockOne/eightblockZero/adder/a[15]_b[15]_
   add_1_OUT<15 : 0> on block top is not reconstructed, because there are some
   missing bus signals.
WARNING:NetListWriters:306 - Signal bus
   theBigOne/thirtytwoblockZero/sixteenblockZero/eightblockOne/fourblockOne/adde
   r/sum<15 : 0> on block top is not reconstructed, because there are some
   missing bus signals.
WARNING:NetListWriters:306 - Signal bus
   theBigOne/thirtytwoblockZero/sixteenblockZero/eightblockOne/fourblockZero/add
   er/sum<15 : 0> on block top is not reconstructed, because there are some
   missing bus signals.
WARNING:NetListWriters:306 - Signal bus
   theBigOne/thirtytwoblockZero/sixteenblockZero/eightblockOne/adder/a[15]_b[15]
   _add_1_OUT<15 : 0> on block top is not reconstructed, because there are some
   missing bus signals.
WARNING:NetListWriters:306 - Signal bus
   theBigOne/thirtytwoblockZero/sixteenblockZero/eightblockZero/fourblockOne/add
   er/sum<15 : 0> on block top is not reconstructed, because there are some
   missing bus signals.
WARNING:NetListWriters:306 - Signal bus
   theBigOne/thirtytwoblockZero/sixteenblockZero/eightblockZero/fourblockZero/ad
   der/sum<15 : 0> on block top is not reconstructed, because there are some
   missing bus signals.
WARNING:NetListWriters:306 - Signal bus
   theBigOne/thirtytwoblockZero/sixteenblockZero/eightblockZero/adder/a[15]_b[15
   ]_add_1_OUT<15 : 0> on block top is not reconstructed, because there are some
   missing bus signals.
WARNING:NetListWriters:306 - Signal bus
   theBigOne/thirtytwoblockZero/sixteenblockOne/eightblockOne/fourblockOne/adder
   /sum<15 : 0> on block top is not reconstructed, because there are some
   missing bus signals.
WARNING:NetListWriters:306 - Signal bus
   theBigOne/thirtytwoblockZero/sixteenblockOne/eightblockOne/fourblockZero/adde
   r/sum<15 : 0> on block top is not reconstructed, because there are some
   missing bus signals.
WARNING:NetListWriters:306 - Signal bus
   theBigOne/thirtytwoblockZero/sixteenblockOne/eightblockOne/adder/a[15]_b[15]_
   add_1_OUT<15 : 0> on block top is not reconstructed, because there are some
   missing bus signals.
WARNING:NetListWriters:306 - Signal bus
   theBigOne/thirtytwoblockZero/sixteenblockOne/eightblockZero/fourblockOne/adde
   r/sum<15 : 0> on block top is not reconstructed, because there are some
   missing bus signals.
WARNING:NetListWriters:306 - Signal bus
   theBigOne/thirtytwoblockZero/sixteenblockOne/eightblockZero/fourblockZero/add
   er/sum<15 : 0> on block top is not reconstructed, because there are some
   missing bus signals.
WARNING:NetListWriters:306 - Signal bus
   theBigOne/thirtytwoblockZero/sixteenblockOne/eightblockZero/adder/a[15]_b[15]
   _add_1_OUT<15 : 0> on block top is not reconstructed, because there are some
   missing bus signals.
WARNING:NetListWriters:306 - Signal bus
   theBigOne/thirtytwoblockZero/sixteenblockOne/eightblockOne/adder/sum<15 : 0>
   on block top is not reconstructed, because there are some missing bus
   signals.
WARNING:NetListWriters:306 - Signal bus
   theBigOne/thirtytwoblockZero/sixteenblockOne/eightblockZero/adder/sum<15 : 0>
   on block top is not reconstructed, because there are some missing bus
   signals.
WARNING:NetListWriters:306 - Signal bus
   theBigOne/thirtytwoblockZero/sixteenblockOne/adder/a[15]_b[15]_add_1_OUT<15 :
   0> on block top is not reconstructed, because there are some missing bus
   signals.
WARNING:NetListWriters:306 - Signal bus
   theBigOne/thirtytwoblockZero/sixteenblockZero/eightblockOne/adder/sum<15 : 0>
   on block top is not reconstructed, because there are some missing bus
   signals.
WARNING:NetListWriters:306 - Signal bus
   theBigOne/thirtytwoblockZero/sixteenblockZero/eightblockZero/adder/sum<15 :
   0> on block top is not reconstructed, because there are some missing bus
   signals.
WARNING:NetListWriters:306 - Signal bus
   theBigOne/thirtytwoblockZero/sixteenblockZero/adder/a[15]_b[15]_add_1_OUT<15
   : 0> on block top is not reconstructed, because there are some missing bus
   signals.
WARNING:NetListWriters:306 - Signal bus
   theBigOne/thirtytwoblockOne/sixteenblockOne/eightblockOne/adder/sum<15 : 0>
   on block top is not reconstructed, because there are some missing bus
   signals.
WARNING:NetListWriters:306 - Signal bus
   theBigOne/thirtytwoblockOne/sixteenblockOne/eightblockZero/adder/sum<15 : 0>
   on block top is not reconstructed, because there are some missing bus
   signals.
WARNING:NetListWriters:306 - Signal bus
   theBigOne/thirtytwoblockOne/sixteenblockOne/adder/a[15]_b[15]_add_1_OUT<15 :
   0> on block top is not reconstructed, because there are some missing bus
   signals.
WARNING:NetListWriters:306 - Signal bus
   theBigOne/thirtytwoblockOne/sixteenblockZero/eightblockOne/adder/sum<15 : 0>
   on block top is not reconstructed, because there are some missing bus
   signals.
WARNING:NetListWriters:306 - Signal bus
   theBigOne/thirtytwoblockOne/sixteenblockZero/eightblockZero/adder/sum<15 : 0>
   on block top is not reconstructed, because there are some missing bus
   signals.
WARNING:NetListWriters:306 - Signal bus
   theBigOne/thirtytwoblockOne/sixteenblockZero/adder/a[15]_b[15]_add_1_OUT<15 :
   0> on block top is not reconstructed, because there are some missing bus
   signals.
WARNING:NetListWriters:306 - Signal bus
   theBigOne/thirtytwoblockOne/sixteenblockOne/adder/sum<15 : 0> on block top is
   not reconstructed, because there are some missing bus signals.
WARNING:NetListWriters:306 - Signal bus
   theBigOne/thirtytwoblockOne/sixteenblockZero/adder/sum<15 : 0> on block top
   is not reconstructed, because there are some missing bus signals.
WARNING:NetListWriters:306 - Signal bus
   theBigOne/thirtytwoblockOne/adder/a[15]_b[15]_add_1_OUT<15 : 0> on block top
   is not reconstructed, because there are some missing bus signals.
WARNING:NetListWriters:306 - Signal bus
   theBigOne/thirtytwoblockZero/sixteenblockOne/adder/sum<15 : 0> on block top
   is not reconstructed, because there are some missing bus signals.
WARNING:NetListWriters:306 - Signal bus
   theBigOne/thirtytwoblockZero/sixteenblockZero/adder/sum<15 : 0> on block top
   is not reconstructed, because there are some missing bus signals.
WARNING:NetListWriters:306 - Signal bus
   theBigOne/thirtytwoblockZero/adder/a[15]_b[15]_add_1_OUT<15 : 0> on block top
   is not reconstructed, because there are some missing bus signals.
WARNING:NetListWriters:306 - Signal bus
   theBigOne/thirtytwoblockZero/adder/sum<15 : 0> on block top is not
   reconstructed, because there are some missing bus signals.
WARNING:NetListWriters:306 - Signal bus theBigOne/thirtytwoblockOne/adder/sum<15
   : 0> on block top is not reconstructed, because there are some missing bus
   signals.
  finished :Prep
Writing EDIF netlist file top.edif ...
ngc2edif: Total memory usage is 221072 kilobytes

Release 14.7 - ngc2edif P.20131013 (lin64)
Copyright (c) 1995-2013 Xilinx, Inc.  All rights reserved.
Reading design top.ngc ...
WARNING:NetListWriters:298 - No output is written to top.xncf, ignored.
Processing design ...
   Preping design's networks ...
   Preping design's macros ...
WARNING:NetListWriters:306 - Signal bus finishedout<10 : 0> on block top is not
   reconstructed, because there are some missing bus signals.
WARNING:NetListWriters:306 - Signal bus
   theBigOne/thirtytwoblockOne/sixteenblockZero/eightblockOne/fourblockZero/twob
   lockOne/add/a[15]_b[15]_add_1_OUT<15 : 0> on block top is not reconstructed,
   because there are some missing bus signals.
WARNING:NetListWriters:306 - Signal bus
   theBigOne/thirtytwoblockOne/sixteenblockZero/eightblockOne/fourblockZero/twob
   lockZero/add/a[15]_b[15]_add_1_OUT<15 : 0> on block top is not reconstructed,
   because there are some missing bus signals.
WARNING:NetListWriters:306 - Signal bus
   theBigOne/thirtytwoblockOne/sixteenblockZero/eightblockOne/fourblockOne/twobl
   ockOne/add/a[15]_b[15]_add_1_OUT<15 : 0> on block top is not reconstructed,
   because there are some missing bus signals.
WARNING:NetListWriters:306 - Signal bus
   theBigOne/thirtytwoblockOne/sixteenblockZero/eightblockOne/fourblockOne/twobl
   ockZero/add/a[15]_b[15]_add_1_OUT<15 : 0> on block top is not reconstructed,
   because there are some missing bus signals.
WARNING:NetListWriters:306 - Signal bus
   theBigOne/thirtytwoblockOne/sixteenblockZero/eightblockZero/fourblockZero/two
   blockOne/add/a[15]_b[15]_add_1_OUT<15 : 0> on block top is not reconstructed,
   because there are some missing bus signals.
WARNING:NetListWriters:306 - Signal bus
   theBigOne/thirtytwoblockOne/sixteenblockZero/eightblockZero/fourblockZero/two
   blockZero/add/a[15]_b[15]_add_1_OUT<15 : 0> on block top is not
   reconstructed, because there are some missing bus signals.
WARNING:NetListWriters:306 - Signal bus
   theBigOne/thirtytwoblockOne/sixteenblockZero/eightblockZero/fourblockOne/twob
   lockOne/add/a[15]_b[15]_add_1_OUT<15 : 0> on block top is not reconstructed,
   because there are some missing bus signals.
WARNING:NetListWriters:306 - Signal bus
   theBigOne/thirtytwoblockOne/sixteenblockZero/eightblockZero/fourblockOne/twob
   lockZero/add/a[15]_b[15]_add_1_OUT<15 : 0> on block top is not reconstructed,
   because there are some missing bus signals.
WARNING:NetListWriters:306 - Signal bus
   theBigOne/thirtytwoblockOne/sixteenblockOne/eightblockOne/fourblockZero/twobl
   ockOne/add/a[15]_b[15]_add_1_OUT<15 : 0> on block top is not reconstructed,
   because there are some missing bus signals.
WARNING:NetListWriters:306 - Signal bus
   theBigOne/thirtytwoblockOne/sixteenblockOne/eightblockOne/fourblockZero/twobl
   ockZero/add/a[15]_b[15]_add_1_OUT<15 : 0> on block top is not reconstructed,
   because there are some missing bus signals.
WARNING:NetListWriters:306 - Signal bus
   theBigOne/thirtytwoblockOne/sixteenblockOne/eightblockOne/fourblockOne/twoblo
   ckOne/add/a[15]_b[15]_add_1_OUT<15 : 0> on block top is not reconstructed,
   because there are some missing bus signals.
WARNING:NetListWriters:306 - Signal bus
   theBigOne/thirtytwoblockOne/sixteenblockOne/eightblockOne/fourblockOne/twoblo
   ckZero/add/a[15]_b[15]_add_1_OUT<15 : 0> on block top is not reconstructed,
   because there are some missing bus signals.
WARNING:NetListWriters:306 - Signal bus
   theBigOne/thirtytwoblockOne/sixteenblockOne/eightblockZero/fourblockZero/twob
   lockOne/add/a[15]_b[15]_add_1_OUT<15 : 0> on block top is not reconstructed,
   because there are some missing bus signals.
WARNING:NetListWriters:306 - Signal bus
   theBigOne/thirtytwoblockOne/sixteenblockOne/eightblockZero/fourblockZero/twob
   lockZero/add/a[15]_b[15]_add_1_OUT<15 : 0> on block top is not reconstructed,
   because there are some missing bus signals.
WARNING:NetListWriters:306 - Signal bus
   theBigOne/thirtytwoblockOne/sixteenblockOne/eightblockZero/fourblockOne/twobl
   ockOne/add/a[15]_b[15]_add_1_OUT<15 : 0> on block top is not reconstructed,
   because there are some missing bus signals.
WARNING:NetListWriters:306 - Signal bus
   theBigOne/thirtytwoblockOne/sixteenblockOne/eightblockZero/fourblockOne/twobl
   ockZero/add/a[15]_b[15]_add_1_OUT<15 : 0> on block top is not reconstructed,
   because there are some missing bus signals.
WARNING:NetListWriters:306 - Signal bus
   theBigOne/thirtytwoblockZero/sixteenblockZero/eightblockOne/fourblockZero/two
   blockOne/add/a[15]_b[15]_add_1_OUT<15 : 0> on block top is not reconstructed,
   because there are some missing bus signals.
WARNING:NetListWriters:306 - Signal bus
   theBigOne/thirtytwoblockZero/sixteenblockZero/eightblockOne/fourblockZero/two
   blockZero/add/a[15]_b[15]_add_1_OUT<15 : 0> on block top is not
   reconstructed, because there are some missing bus signals.
WARNING:NetListWriters:306 - Signal bus
   theBigOne/thirtytwoblockZero/sixteenblockZero/eightblockOne/fourblockOne/twob
   lockOne/add/a[15]_b[15]_add_1_OUT<15 : 0> on block top is not reconstructed,
   because there are some missing bus signals.
WARNING:NetListWriters:306 - Signal bus
   theBigOne/thirtytwoblockZero/sixteenblockZero/eightblockOne/fourblockOne/twob
   lockZero/add/a[15]_b[15]_add_1_OUT<15 : 0> on block top is not reconstructed,
   because there are some missing bus signals.
WARNING:NetListWriters:306 - Signal bus
   theBigOne/thirtytwoblockZero/sixteenblockZero/eightblockZero/fourblockZero/tw
   oblockOne/add/a[15]_b[15]_add_1_OUT<15 : 0> on block top is not
   reconstructed, because there are some missing bus signals.
WARNING:NetListWriters:306 - Signal bus
   theBigOne/thirtytwoblockZero/sixteenblockZero/eightblockZero/fourblockZero/tw
   oblockZero/add/a[15]_b[15]_add_1_OUT<15 : 0> on block top is not
   reconstructed, because there are some missing bus signals.
WARNING:NetListWriters:306 - Signal bus
   theBigOne/thirtytwoblockZero/sixteenblockZero/eightblockZero/fourblockOne/two
   blockOne/add/a[15]_b[15]_add_1_OUT<15 : 0> on block top is not reconstructed,
   because there are some missing bus signals.
WARNING:NetListWriters:306 - Signal bus
   theBigOne/thirtytwoblockZero/sixteenblockZero/eightblockZero/fourblockOne/two
   blockZero/add/a[15]_b[15]_add_1_OUT<15 : 0> on block top is not
   reconstructed, because there are some missing bus signals.
WARNING:NetListWriters:306 - Signal bus
   theBigOne/thirtytwoblockZero/sixteenblockOne/eightblockOne/fourblockZero/twob
   lockOne/add/a[15]_b[15]_add_1_OUT<15 : 0> on block top is not reconstructed,
   because there are some missing bus signals.
WARNING:NetListWriters:306 - Signal bus
   theBigOne/thirtytwoblockZero/sixteenblockOne/eightblockOne/fourblockZero/twob
   lockZero/add/a[15]_b[15]_add_1_OUT<15 : 0> on block top is not reconstructed,
   because there are some missing bus signals.
WARNING:NetListWriters:306 - Signal bus
   theBigOne/thirtytwoblockZero/sixteenblockOne/eightblockOne/fourblockOne/twobl
   ockOne/add/a[15]_b[15]_add_1_OUT<15 : 0> on block top is not reconstructed,
   because there are some missing bus signals.
WARNING:NetListWriters:306 - Signal bus
   theBigOne/thirtytwoblockZero/sixteenblockOne/eightblockOne/fourblockOne/twobl
   ockZero/add/a[15]_b[15]_add_1_OUT<15 : 0> on block top is not reconstructed,
   because there are some missing bus signals.
WARNING:NetListWriters:306 - Signal bus
   theBigOne/thirtytwoblockZero/sixteenblockOne/eightblockZero/fourblockZero/two
   blockOne/add/a[15]_b[15]_add_1_OUT<15 : 0> on block top is not reconstructed,
   because there are some missing bus signals.
WARNING:NetListWriters:306 - Signal bus
   theBigOne/thirtytwoblockZero/sixteenblockOne/eightblockZero/fourblockZero/two
   blockZero/add/a[15]_b[15]_add_1_OUT<15 : 0> on block top is not
   reconstructed, because there are some missing bus signals.
WARNING:NetListWriters:306 - Signal bus
   theBigOne/thirtytwoblockZero/sixteenblockOne/eightblockZero/fourblockOne/twob
   lockOne/add/a[15]_b[15]_add_1_OUT<15 : 0> on block top is not reconstructed,
   because there are some missing bus signals.
WARNING:NetListWriters:306 - Signal bus
   theBigOne/thirtytwoblockZero/sixteenblockOne/eightblockZero/fourblockOne/twob
   lockZero/add/a[15]_b[15]_add_1_OUT<15 : 0> on block top is not reconstructed,
   because there are some missing bus signals.
WARNING:NetListWriters:306 - Signal bus
   theBigOne/thirtytwoblockZero/sixteenblockOne/eightblockZero/fourblockOne/twob
   lockOne/add/sum<15 : 0> on block top is not reconstructed, because there are
   some missing bus signals.
WARNING:NetListWriters:306 - Signal bus
   theBigOne/thirtytwoblockZero/sixteenblockOne/eightblockZero/fourblockOne/twob
   lockZero/add/sum<15 : 0> on block top is not reconstructed, because there are
   some missing bus signals.
WARNING:NetListWriters:306 - Signal bus
   theBigOne/thirtytwoblockZero/sixteenblockOne/eightblockZero/fourblockOne/add/
   a[15]_b[15]_add_1_OUT<15 : 0> on block top is not reconstructed, because
   there are some missing bus signals.
WARNING:NetListWriters:306 - Signal bus
   theBigOne/thirtytwoblockZero/sixteenblockOne/eightblockZero/fourblockZero/two
   blockOne/add/sum<15 : 0> on block top is not reconstructed, because there are
   some missing bus signals.
WARNING:NetListWriters:306 - Signal bus
   theBigOne/thirtytwoblockZero/sixteenblockOne/eightblockZero/fourblockZero/two
   blockZero/add/sum<15 : 0> on block top is not reconstructed, because there
   are some missing bus signals.
WARNING:NetListWriters:306 - Signal bus
   theBigOne/thirtytwoblockZero/sixteenblockOne/eightblockZero/fourblockZero/add
   /a[15]_b[15]_add_1_OUT<15 : 0> on block top is not reconstructed, because
   there are some missing bus signals.
WARNING:NetListWriters:306 - Signal bus
   theBigOne/thirtytwoblockZero/sixteenblockOne/eightblockOne/fourblockOne/twobl
   ockOne/add/sum<15 : 0> on block top is not reconstructed, because there are
   some missing bus signals.
WARNING:NetListWriters:306 - Signal bus
   theBigOne/thirtytwoblockZero/sixteenblockOne/eightblockOne/fourblockOne/twobl
   ockZero/add/sum<15 : 0> on block top is not reconstructed, because there are
   some missing bus signals.
WARNING:NetListWriters:306 - Signal bus
   theBigOne/thirtytwoblockZero/sixteenblockOne/eightblockOne/fourblockOne/add/a
   [15]_b[15]_add_1_OUT<15 : 0> on block top is not reconstructed, because there
   are some missing bus signals.
WARNING:NetListWriters:306 - Signal bus
   theBigOne/thirtytwoblockZero/sixteenblockOne/eightblockOne/fourblockZero/twob
   lockOne/add/sum<15 : 0> on block top is not reconstructed, because there are
   some missing bus signals.
WARNING:NetListWriters:306 - Signal bus
   theBigOne/thirtytwoblockZero/sixteenblockOne/eightblockOne/fourblockZero/twob
   lockZero/add/sum<15 : 0> on block top is not reconstructed, because there are
   some missing bus signals.
WARNING:NetListWriters:306 - Signal bus
   theBigOne/thirtytwoblockZero/sixteenblockOne/eightblockOne/fourblockZero/add/
   a[15]_b[15]_add_1_OUT<15 : 0> on block top is not reconstructed, because
   there are some missing bus signals.
WARNING:NetListWriters:306 - Signal bus
   theBigOne/thirtytwoblockZero/sixteenblockZero/eightblockZero/fourblockOne/two
   blockOne/add/sum<15 : 0> on block top is not reconstructed, because there are
   some missing bus signals.
WARNING:NetListWriters:306 - Signal bus
   theBigOne/thirtytwoblockZero/sixteenblockZero/eightblockZero/fourblockOne/two
   blockZero/add/sum<15 : 0> on block top is not reconstructed, because there
   are some missing bus signals.
WARNING:NetListWriters:306 - Signal bus
   theBigOne/thirtytwoblockZero/sixteenblockZero/eightblockZero/fourblockOne/add
   /a[15]_b[15]_add_1_OUT<15 : 0> on block top is not reconstructed, because
   there are some missing bus signals.
WARNING:NetListWriters:306 - Signal bus
   theBigOne/thirtytwoblockZero/sixteenblockZero/eightblockZero/fourblockZero/tw
   oblockOne/add/sum<15 : 0> on block top is not reconstructed, because there
   are some missing bus signals.
WARNING:NetListWriters:306 - Signal bus
   theBigOne/thirtytwoblockZero/sixteenblockZero/eightblockZero/fourblockZero/tw
   oblockZero/add/sum<15 : 0> on block top is not reconstructed, because there
   are some missing bus signals.
WARNING:NetListWriters:306 - Signal bus
   theBigOne/thirtytwoblockZero/sixteenblockZero/eightblockZero/fourblockZero/ad
   d/a[15]_b[15]_add_1_OUT<15 : 0> on block top is not reconstructed, because
   there are some missing bus signals.
WARNING:NetListWriters:306 - Signal bus
   theBigOne/thirtytwoblockZero/sixteenblockZero/eightblockOne/fourblockOne/twob
   lockOne/add/sum<15 : 0> on block top is not reconstructed, because there are
   some missing bus signals.
WARNING:NetListWriters:306 - Signal bus
   theBigOne/thirtytwoblockZero/sixteenblockZero/eightblockOne/fourblockOne/twob
   lockZero/add/sum<15 : 0> on block top is not reconstructed, because there are
   some missing bus signals.
WARNING:NetListWriters:306 - Signal bus
   theBigOne/thirtytwoblockZero/sixteenblockZero/eightblockOne/fourblockOne/add/
   a[15]_b[15]_add_1_OUT<15 : 0> on block top is not reconstructed, because
   there are some missing bus signals.
WARNING:NetListWriters:306 - Signal bus
   theBigOne/thirtytwoblockZero/sixteenblockZero/eightblockOne/fourblockZero/two
   blockOne/add/sum<15 : 0> on block top is not reconstructed, because there are
   some missing bus signals.
WARNING:NetListWriters:306 - Signal bus
   theBigOne/thirtytwoblockZero/sixteenblockZero/eightblockOne/fourblockZero/two
   blockZero/add/sum<15 : 0> on block top is not reconstructed, because there
   are some missing bus signals.
WARNING:NetListWriters:306 - Signal bus
   theBigOne/thirtytwoblockZero/sixteenblockZero/eightblockOne/fourblockZero/add
   /a[15]_b[15]_add_1_OUT<15 : 0> on block top is not reconstructed, because
   there are some missing bus signals.
WARNING:NetListWriters:306 - Signal bus
   theBigOne/thirtytwoblockOne/sixteenblockOne/eightblockZero/fourblockOne/twobl
   ockOne/add/sum<15 : 0> on block top is not reconstructed, because there are
   some missing bus signals.
WARNING:NetListWriters:306 - Signal bus
   theBigOne/thirtytwoblockOne/sixteenblockOne/eightblockZero/fourblockOne/twobl
   ockZero/add/sum<15 : 0> on block top is not reconstructed, because there are
   some missing bus signals.
WARNING:NetListWriters:306 - Signal bus
   theBigOne/thirtytwoblockOne/sixteenblockOne/eightblockZero/fourblockOne/add/a
   [15]_b[15]_add_1_OUT<15 : 0> on block top is not reconstructed, because there
   are some missing bus signals.
WARNING:NetListWriters:306 - Signal bus
   theBigOne/thirtytwoblockOne/sixteenblockOne/eightblockZero/fourblockZero/twob
   lockOne/add/sum<15 : 0> on block top is not reconstructed, because there are
   some missing bus signals.
WARNING:NetListWriters:306 - Signal bus
   theBigOne/thirtytwoblockOne/sixteenblockOne/eightblockZero/fourblockZero/twob
   lockZero/add/sum<15 : 0> on block top is not reconstructed, because there are
   some missing bus signals.
WARNING:NetListWriters:306 - Signal bus
   theBigOne/thirtytwoblockOne/sixteenblockOne/eightblockZero/fourblockZero/add/
   a[15]_b[15]_add_1_OUT<15 : 0> on block top is not reconstructed, because
   there are some missing bus signals.
WARNING:NetListWriters:306 - Signal bus
   theBigOne/thirtytwoblockOne/sixteenblockOne/eightblockOne/fourblockOne/twoblo
   ckOne/add/sum<15 : 0> on block top is not reconstructed, because there are
   some missing bus signals.
WARNING:NetListWriters:306 - Signal bus
   theBigOne/thirtytwoblockOne/sixteenblockOne/eightblockOne/fourblockOne/twoblo
   ckZero/add/sum<15 : 0> on block top is not reconstructed, because there are
   some missing bus signals.
WARNING:NetListWriters:306 - Signal bus
   theBigOne/thirtytwoblockOne/sixteenblockOne/eightblockOne/fourblockOne/add/a[
   15]_b[15]_add_1_OUT<15 : 0> on block top is not reconstructed, because there
   are some missing bus signals.
WARNING:NetListWriters:306 - Signal bus
   theBigOne/thirtytwoblockOne/sixteenblockOne/eightblockOne/fourblockZero/twobl
   ockOne/add/sum<15 : 0> on block top is not reconstructed, because there are
   some missing bus signals.
WARNING:NetListWriters:306 - Signal bus
   theBigOne/thirtytwoblockOne/sixteenblockOne/eightblockOne/fourblockZero/twobl
   ockZero/add/sum<15 : 0> on block top is not reconstructed, because there are
   some missing bus signals.
WARNING:NetListWriters:306 - Signal bus
   theBigOne/thirtytwoblockOne/sixteenblockOne/eightblockOne/fourblockZero/add/a
   [15]_b[15]_add_1_OUT<15 : 0> on block top is not reconstructed, because there
   are some missing bus signals.
WARNING:NetListWriters:306 - Signal bus
   theBigOne/thirtytwoblockOne/sixteenblockZero/eightblockZero/fourblockOne/twob
   lockOne/add/sum<15 : 0> on block top is not reconstructed, because there are
   some missing bus signals.
WARNING:NetListWriters:306 - Signal bus
   theBigOne/thirtytwoblockOne/sixteenblockZero/eightblockZero/fourblockOne/twob
   lockZero/add/sum<15 : 0> on block top is not reconstructed, because there are
   some missing bus signals.
WARNING:NetListWriters:306 - Signal bus
   theBigOne/thirtytwoblockOne/sixteenblockZero/eightblockZero/fourblockOne/add/
   a[15]_b[15]_add_1_OUT<15 : 0> on block top is not reconstructed, because
   there are some missing bus signals.
WARNING:NetListWriters:306 - Signal bus
   theBigOne/thirtytwoblockOne/sixteenblockZero/eightblockZero/fourblockZero/two
   blockOne/add/sum<15 : 0> on block top is not reconstructed, because there are
   some missing bus signals.
WARNING:NetListWriters:306 - Signal bus
   theBigOne/thirtytwoblockOne/sixteenblockZero/eightblockZero/fourblockZero/two
   blockZero/add/sum<15 : 0> on block top is not reconstructed, because there
   are some missing bus signals.
WARNING:NetListWriters:306 - Signal bus
   theBigOne/thirtytwoblockOne/sixteenblockZero/eightblockZero/fourblockZero/add
   /a[15]_b[15]_add_1_OUT<15 : 0> on block top is not reconstructed, because
   there are some missing bus signals.
WARNING:NetListWriters:306 - Signal bus
   theBigOne/thirtytwoblockOne/sixteenblockZero/eightblockOne/fourblockOne/twobl
   ockOne/add/sum<15 : 0> on block top is not reconstructed, because there are
   some missing bus signals.
WARNING:NetListWriters:306 - Signal bus
   theBigOne/thirtytwoblockOne/sixteenblockZero/eightblockOne/fourblockOne/twobl
   ockZero/add/sum<15 : 0> on block top is not reconstructed, because there are
   some missing bus signals.
WARNING:NetListWriters:306 - Signal bus
   theBigOne/thirtytwoblockOne/sixteenblockZero/eightblockOne/fourblockOne/add/a
   [15]_b[15]_add_1_OUT<15 : 0> on block top is not reconstructed, because there
   are some missing bus signals.
WARNING:NetListWriters:306 - Signal bus
   theBigOne/thirtytwoblockOne/sixteenblockZero/eightblockOne/fourblockZero/twob
   lockOne/add/sum<15 : 0> on block top is not reconstructed, because there are
   some missing bus signals.
WARNING:NetListWriters:306 - Signal bus
   theBigOne/thirtytwoblockOne/sixteenblockZero/eightblockOne/fourblockZero/twob
   lockZero/add/sum<15 : 0> on block top is not reconstructed, because there are
   some missing bus signals.
WARNING:NetListWriters:306 - Signal bus
   theBigOne/thirtytwoblockOne/sixteenblockZero/eightblockOne/fourblockZero/add/
   a[15]_b[15]_add_1_OUT<15 : 0> on block top is not reconstructed, because
   there are some missing bus signals.
WARNING:NetListWriters:306 - Signal bus
   theBigOne/thirtytwoblockOne/sixteenblockZero/eightblockOne/fourblockOne/add/s
   um<15 : 0> on block top is not reconstructed, because there are some missing
   bus signals.
WARNING:NetListWriters:306 - Signal bus
   theBigOne/thirtytwoblockOne/sixteenblockZero/eightblockOne/fourblockZero/add/
   sum<15 : 0> on block top is not reconstructed, because there are some missing
   bus signals.
WARNING:NetListWriters:306 - Signal bus
   theBigOne/thirtytwoblockOne/sixteenblockZero/eightblockOne/add/a[15]_b[15]_ad
   d_1_OUT<15 : 0> on block top is not reconstructed, because there are some
   missing bus signals.
WARNING:NetListWriters:306 - Signal bus
   theBigOne/thirtytwoblockOne/sixteenblockZero/eightblockZero/fourblockOne/add/
   sum<15 : 0> on block top is not reconstructed, because there are some missing
   bus signals.
WARNING:NetListWriters:306 - Signal bus
   theBigOne/thirtytwoblockOne/sixteenblockZero/eightblockZero/fourblockZero/add
   /sum<15 : 0> on block top is not reconstructed, because there are some
   missing bus signals.
WARNING:NetListWriters:306 - Signal bus
   theBigOne/thirtytwoblockOne/sixteenblockZero/eightblockZero/add/a[15]_b[15]_a
   dd_1_OUT<15 : 0> on block top is not reconstructed, because there are some
   missing bus signals.
WARNING:NetListWriters:306 - Signal bus
   theBigOne/thirtytwoblockOne/sixteenblockOne/eightblockOne/fourblockOne/add/su
   m<15 : 0> on block top is not reconstructed, because there are some missing
   bus signals.
WARNING:NetListWriters:306 - Signal bus
   theBigOne/thirtytwoblockOne/sixteenblockOne/eightblockOne/fourblockZero/add/s
   um<15 : 0> on block top is not reconstructed, because there are some missing
   bus signals.
WARNING:NetListWriters:306 - Signal bus
   theBigOne/thirtytwoblockOne/sixteenblockOne/eightblockOne/add/a[15]_b[15]_add
   _1_OUT<15 : 0> on block top is not reconstructed, because there are some
   missing bus signals.
WARNING:NetListWriters:306 - Signal bus
   theBigOne/thirtytwoblockOne/sixteenblockOne/eightblockZero/fourblockOne/add/s
   um<15 : 0> on block top is not reconstructed, because there are some missing
   bus signals.
WARNING:NetListWriters:306 - Signal bus
   theBigOne/thirtytwoblockOne/sixteenblockOne/eightblockZero/fourblockZero/add/
   sum<15 : 0> on block top is not reconstructed, because there are some missing
   bus signals.
WARNING:NetListWriters:306 - Signal bus
   theBigOne/thirtytwoblockOne/sixteenblockOne/eightblockZero/add/a[15]_b[15]_ad
   d_1_OUT<15 : 0> on block top is not reconstructed, because there are some
   missing bus signals.
WARNING:NetListWriters:306 - Signal bus
   theBigOne/thirtytwoblockZero/sixteenblockZero/eightblockOne/fourblockOne/add/
   sum<15 : 0> on block top is not reconstructed, because there are some missing
   bus signals.
WARNING:NetListWriters:306 - Signal bus
   theBigOne/thirtytwoblockZero/sixteenblockZero/eightblockOne/fourblockZero/add
   /sum<15 : 0> on block top is not reconstructed, because there are some
   missing bus signals.
WARNING:NetListWriters:306 - Signal bus
   theBigOne/thirtytwoblockZero/sixteenblockZero/eightblockOne/add/a[15]_b[15]_a
   dd_1_OUT<15 : 0> on block top is not reconstructed, because there are some
   missing bus signals.
WARNING:NetListWriters:306 - Signal bus
   theBigOne/thirtytwoblockZero/sixteenblockZero/eightblockZero/fourblockOne/add
   /sum<15 : 0> on block top is not reconstructed, because there are some
   missing bus signals.
WARNING:NetListWriters:306 - Signal bus
   theBigOne/thirtytwoblockZero/sixteenblockZero/eightblockZero/fourblockZero/ad
   d/sum<15 : 0> on block top is not reconstructed, because there are some
   missing bus signals.
WARNING:NetListWriters:306 - Signal bus
   theBigOne/thirtytwoblockZero/sixteenblockZero/eightblockZero/add/a[15]_b[15]_
   add_1_OUT<15 : 0> on block top is not reconstructed, because there are some
   missing bus signals.
WARNING:NetListWriters:306 - Signal bus
   theBigOne/thirtytwoblockZero/sixteenblockOne/eightblockOne/fourblockOne/add/s
   um<15 : 0> on block top is not reconstructed, because there are some missing
   bus signals.
WARNING:NetListWriters:306 - Signal bus
   theBigOne/thirtytwoblockZero/sixteenblockOne/eightblockOne/fourblockZero/add/
   sum<15 : 0> on block top is not reconstructed, because there are some missing
   bus signals.
WARNING:NetListWriters:306 - Signal bus
   theBigOne/thirtytwoblockZero/sixteenblockOne/eightblockOne/add/a[15]_b[15]_ad
   d_1_OUT<15 : 0> on block top is not reconstructed, because there are some
   missing bus signals.
WARNING:NetListWriters:306 - Signal bus
   theBigOne/thirtytwoblockZero/sixteenblockOne/eightblockZero/fourblockOne/add/
   sum<15 : 0> on block top is not reconstructed, because there are some missing
   bus signals.
WARNING:NetListWriters:306 - Signal bus
   theBigOne/thirtytwoblockZero/sixteenblockOne/eightblockZero/fourblockZero/add
   /sum<15 : 0> on block top is not reconstructed, because there are some
   missing bus signals.
WARNING:NetListWriters:306 - Signal bus
   theBigOne/thirtytwoblockZero/sixteenblockOne/eightblockZero/add/a[15]_b[15]_a
   dd_1_OUT<15 : 0> on block top is not reconstructed, because there are some
   missing bus signals.
WARNING:NetListWriters:306 - Signal bus
   theBigOne/thirtytwoblockZero/sixteenblockOne/eightblockOne/add/sum<15 : 0> on
   block top is not reconstructed, because there are some missing bus signals.
WARNING:NetListWriters:306 - Signal bus
   theBigOne/thirtytwoblockZero/sixteenblockOne/eightblockZero/add/sum<15 : 0>
   on block top is not reconstructed, because there are some missing bus
   signals.
WARNING:NetListWriters:306 - Signal bus
   theBigOne/thirtytwoblockZero/sixteenblockOne/add/a[15]_b[15]_add_1_OUT<15 :
   0> on block top is not reconstructed, because there are some missing bus
   signals.
WARNING:NetListWriters:306 - Signal bus
   theBigOne/thirtytwoblockZero/sixteenblockZero/eightblockOne/add/sum<15 : 0>
   on block top is not reconstructed, because there are some missing bus
   signals.
WARNING:NetListWriters:306 - Signal bus
   theBigOne/thirtytwoblockZero/sixteenblockZero/eightblockZero/add/sum<15 : 0>
   on block top is not reconstructed, because there are some missing bus
   signals.
WARNING:NetListWriters:306 - Signal bus
   theBigOne/thirtytwoblockZero/sixteenblockZero/add/a[15]_b[15]_add_1_OUT<15 :
   0> on block top is not reconstructed, because there are some missing bus
   signals.
WARNING:NetListWriters:306 - Signal bus
   theBigOne/thirtytwoblockOne/sixteenblockOne/eightblockOne/add/sum<15 : 0> on
   block top is not reconstructed, because there are some missing bus signals.
WARNING:NetListWriters:306 - Signal bus
   theBigOne/thirtytwoblockOne/sixteenblockOne/eightblockZero/add/sum<15 : 0> on
   block top is not reconstructed, because there are some missing bus signals.
WARNING:NetListWriters:306 - Signal bus
   theBigOne/thirtytwoblockOne/sixteenblockOne/add/a[15]_b[15]_add_1_OUT<15 : 0>
   on block top is not reconstructed, because there are some missing bus
   signals.
WARNING:NetListWriters:306 - Signal bus
   theBigOne/thirtytwoblockOne/sixteenblockZero/eightblockOne/add/sum<15 : 0> on
   block top is not reconstructed, because there are some missing bus signals.
WARNING:NetListWriters:306 - Signal bus
   theBigOne/thirtytwoblockOne/sixteenblockZero/eightblockZero/add/sum<15 : 0>
   on block top is not reconstructed, because there are some missing bus
   signals.
WARNING:NetListWriters:306 - Signal bus
   theBigOne/thirtytwoblockOne/sixteenblockZero/add/a[15]_b[15]_add_1_OUT<15 :
   0> on block top is not reconstructed, because there are some missing bus
   signals.
WARNING:NetListWriters:306 - Signal bus
   theBigOne/thirtytwoblockOne/sixteenblockOne/add/sum<15 : 0> on block top is
   not reconstructed, because there are some missing bus signals.
WARNING:NetListWriters:306 - Signal bus
   theBigOne/thirtytwoblockOne/sixteenblockZero/add/sum<15 : 0> on block top is
   not reconstructed, because there are some missing bus signals.
WARNING:NetListWriters:306 - Signal bus
   theBigOne/thirtytwoblockOne/add/a[15]_b[15]_add_1_OUT<15 : 0> on block top is
   not reconstructed, because there are some missing bus signals.
WARNING:NetListWriters:306 - Signal bus
   theBigOne/thirtytwoblockZero/sixteenblockOne/add/sum<15 : 0> on block top is
   not reconstructed, because there are some missing bus signals.
WARNING:NetListWriters:306 - Signal bus
   theBigOne/thirtytwoblockZero/sixteenblockZero/add/sum<15 : 0> on block top is
   not reconstructed, because there are some missing bus signals.
WARNING:NetListWriters:306 - Signal bus
   theBigOne/thirtytwoblockZero/add/a[15]_b[15]_add_1_OUT<15 : 0> on block top
   is not reconstructed, because there are some missing bus signals.
WARNING:NetListWriters:306 - Signal bus theBigOne/thirtytwoblockZero/add/sum<15
   : 0> on block top is not reconstructed, because there are some missing bus
   signals.
WARNING:NetListWriters:306 - Signal bus theBigOne/thirtytwoblockOne/add/sum<15 :
   0> on block top is not reconstructed, because there are some missing bus
   signals.
  finished :Prep
Writing EDIF netlist file top.edif ...
ngc2edif: Total memory usage is 228796 kilobytes

Release 14.7 - ngc2edif P.20131013 (lin64)
Copyright (c) 1995-2013 Xilinx, Inc.  All rights reserved.
Reading design okTriggerOut.ngc ...
WARNING:NetListWriters:298 - No output is written to okTriggerOut.xncf, ignored.
Processing design ...
   Preping design's networks ...
   Preping design's macros ...
  finished :Prep
Writing EDIF netlist file okTriggerOut.edif ...
ngc2edif: Total memory usage is 104128 kilobytes

Release 14.7 - ngc2edif P.20131013 (lin64)
Copyright (c) 1995-2013 Xilinx, Inc.  All rights reserved.
Reading design okTriggerIn.ngc ...
WARNING:NetListWriters:298 - No output is written to okTriggerIn.xncf, ignored.
Processing design ...
   Preping design's networks ...
   Preping design's macros ...
  finished :Prep
Writing EDIF netlist file okTriggerIn.edif ...
ngc2edif: Total memory usage is 104100 kilobytes

Release 14.7 - ngc2edif P.20131013 (lin64)
Copyright (c) 1995-2013 Xilinx, Inc.  All rights reserved.
Reading design okPipeIn.ngc ...
WARNING:NetListWriters:298 - No output is written to okPipeIn.xncf, ignored.
Processing design ...
   Preping design's networks ...
   Preping design's macros ...
  finished :Prep
Writing EDIF netlist file okPipeIn.edif ...
ngc2edif: Total memory usage is 104000 kilobytes

Release 14.7 - ngc2edif P.20131013 (lin64)
Copyright (c) 1995-2013 Xilinx, Inc.  All rights reserved.
Reading design okCoreHarness.ngc ...
WARNING:NetListWriters:298 - No output is written to okCoreHarness.xncf,
   ignored.
Processing design ...
   Preping design's networks ...
   Preping design's macros ...
  finished :Prep
Writing EDIF netlist file okCoreHarness.edif ...
ngc2edif: Total memory usage is 106712 kilobytes

Release 14.7 - ngc2edif P.20131013 (lin64)
Copyright (c) 1995-2013 Xilinx, Inc.  All rights reserved.
Reading design TFIFO64x8a_64x8b.ngc ...
WARNING:NetListWriters:298 - No output is written to TFIFO64x8a_64x8b.xncf,
   ignored.
Processing design ...
   Preping design's networks ...
   Preping design's macros ...
WARNING:NetListWriters:306 - Signal bus
   U0/grf.rf/rstblk/ngwrdrst.grst.rd_rst_reg<2 : 0> on block
   TFIFO64x8a_64x8b_fifo_generator_v6_2_xst_1 is not reconstructed, because
   there are some missing bus signals.
  finished :Prep
Writing EDIF netlist file TFIFO64x8a_64x8b.edif ...
ngc2edif: Total memory usage is 104332 kilobytes

Release 14.7 - ngc2edif P.20131013 (lin64)
Copyright (c) 1995-2013 Xilinx, Inc.  All rights reserved.
Reading design okWireIn.ngc ...
WARNING:NetListWriters:298 - No output is written to okWireIn.xncf, ignored.
Processing design ...
   Preping design's networks ...
   Preping design's macros ...
  finished :Prep
Writing EDIF netlist file okWireIn.edif ...
ngc2edif: Total memory usage is 104012 kilobytes

Release 14.7 - ngc2edif P.20131013 (lin64)
Copyright (c) 1995-2013 Xilinx, Inc.  All rights reserved.
Reading design okWireOut.ngc ...
WARNING:NetListWriters:298 - No output is written to okWireOut.xncf, ignored.
Processing design ...
   Preping design's networks ...
   Preping design's macros ...
  finished :Prep
Writing EDIF netlist file okWireOut.edif ...
ngc2edif: Total memory usage is 104004 kilobytes

Release 14.7 - ngc2edif P.20131013 (lin64)
Copyright (c) 1995-2013 Xilinx, Inc.  All rights reserved.
Reading design two_clk_fifo.ngc ...
WARNING:NetListWriters:298 - No output is written to two_clk_fifo.xncf, ignored.
Processing design ...
   Preping design's networks ...
   Preping design's macros ...
  finished :Prep
Writing EDIF netlist file two_clk_fifo.edif ...
ngc2edif: Total memory usage is 113092 kilobytes

Release 14.7 - ngc2edif P.20131013 (lin64)
Copyright (c) 1995-2013 Xilinx, Inc.  All rights reserved.
Reading design okPipeOut.ngc ...
WARNING:NetListWriters:298 - No output is written to okPipeOut.xncf, ignored.
Processing design ...
   Preping design's networks ...
   Preping design's macros ...
  finished :Prep
Writing EDIF netlist file okPipeOut.edif ...
ngc2edif: Total memory usage is 103984 kilobytes

