#-----------------------------------------------------------
# PlanAhead v14.7 (64-bit)
# Build 321239 by xbuild on Fri Sep 27 19:24:36 MDT 2013
# Start of session at: Sun May  3 06:12:53 2020
# Process ID: 6725
# Log file: /home/ise/ise_projects/WaveGenerator/planAhead_run_4/planAhead.log
# Journal file: /home/ise/ise_projects/WaveGenerator/planAhead_run_4/planAhead.jou
#-----------------------------------------------------------
INFO: [Common 17-78] Attempting to get a license: PlanAhead
INFO: [Common 17-290] Got license for PlanAhead
INFO: [Common 17-86] Your PlanAhead license expires in -1099 day(s)
INFO: [Device 21-36] Loading parts and site information from /opt/Xilinx/14.7/ISE_DS/PlanAhead/data/parts/arch.xml
Parsing RTL primitives file [/opt/Xilinx/14.7/ISE_DS/PlanAhead/data/parts/xilinx/rtl/prims/rtl_prims.xml]
Finished parsing RTL primitives file [/opt/Xilinx/14.7/ISE_DS/PlanAhead/data/parts/xilinx/rtl/prims/rtl_prims.xml]
start_gui
source /home/ise/ise_projects/WaveGenerator/pa.fromNetlist.tcl
# create_project -name Thesis -dir "/home/ise/ise_projects/WaveGenerator/planAhead_run_4" -part xc6slx150fgg484-2
# set_property design_mode GateLvl [get_property srcset [current_run -impl]]
# set_property edif_top_file "/home/ise/ise_projects/WaveGenerator/top.ngc" [ get_property srcset [ current_run ] ]
# add_files -norecurse { {/home/ise/ise_projects/WaveGenerator} {ipcore_dir} }
# add_files [list {ipcore_dir/two_clk_fifo.ncf}] -fileset [get_property constrset [current_run]]
# set_property target_constrs_file "top.ucf" [current_fileset -constrset]
Adding file '/home/ise/ise_projects/WaveGenerator/top.ucf' to fileset 'constrs_1'
# add_files [list {top.ucf}] -fileset [get_property constrset [current_run]]
# link_design
Design is defaulting to srcset: sources_1
Design is defaulting to constrset: constrs_1
Design is defaulting to project part: xc6slx150fgg484-2
Release 14.7 - ngc2edif P.20131013 (lin64)
Copyright (c) 1995-2013 Xilinx, Inc.  All rights reserved.

Release 14.7 - ngc2edif P.20131013 (lin64)
Copyright (c) 1995-2013 Xilinx, Inc.  All rights reserved.
Reading design top.ngc ...
WARNING:NetListWriters:298 - No output is written to top.xncf, ignored.
Processing design ...
   Preping design's networks ...
   Preping design's macros ...
WARNING:NetListWriters:306 - Signal bus finishedout<10 : 0> on block top is not
   reconstructed, because there are some missing bus signals.
WARNING:NetListWriters:306 - Signal bus
   theBigOne/thirtytwoblockOne/sixteenblockZero/eightblockOne/fourblockZero/twob
   lockOne/add/a[15]_b[15]_add_1_OUT<15 : 0> on block top is not reconstructed,
   because there are some missing bus signals.
WARNING:NetListWriters:306 - Signal bus
   theBigOne/thirtytwoblockOne/sixteenblockZero/eightblockOne/fourblockZero/twob
   lockZero/add/a[15]_b[15]_add_1_OUT<15 : 0> on block top is not reconstructed,
   because there are some missing bus signals.
WARNING:NetListWriters:306 - Signal bus
   theBigOne/thirtytwoblockOne/sixteenblockZero/eightblockOne/fourblockOne/twobl
   ockOne/add/a[15]_b[15]_add_1_OUT<15 : 0> on block top is not reconstructed,
   because there are some missing bus signals.
WARNING:NetListWriters:306 - Signal bus
   theBigOne/thirtytwoblockOne/sixteenblockZero/eightblockOne/fourblockOne/twobl
   ockZero/add/a[15]_b[15]_add_1_OUT<15 : 0> on block top is not reconstructed,
   because there are some missing bus signals.
WARNING:NetListWriters:306 - Signal bus
   theBigOne/thirtytwoblockOne/sixteenblockZero/eightblockZero/fourblockZero/two
   blockOne/add/a[15]_b[15]_add_1_OUT<15 : 0> on block top is not reconstructed,
   because there are some missing bus signals.
WARNING:NetListWriters:306 - Signal bus
   theBigOne/thirtytwoblockOne/sixteenblockZero/eightblockZero/fourblockZero/two
   blockZero/add/a[15]_b[15]_add_1_OUT<15 : 0> on block top is not
   reconstructed, because there are some missing bus signals.
WARNING:NetListWriters:306 - Signal bus
   theBigOne/thirtytwoblockOne/sixteenblockZero/eightblockZero/fourblockOne/twob
   lockOne/add/a[15]_b[15]_add_1_OUT<15 : 0> on block top is not reconstructed,
   because there are some missing bus signals.
WARNING:NetListWriters:306 - Signal bus
   theBigOne/thirtytwoblockOne/sixteenblockZero/eightblockZero/fourblockOne/twob
   lockZero/add/a[15]_b[15]_add_1_OUT<15 : 0> on block top is not reconstructed,
   because there are some missing bus signals.
WARNING:NetListWriters:306 - Signal bus
   theBigOne/thirtytwoblockOne/sixteenblockOne/eightblockOne/fourblockZero/twobl
   ockOne/add/a[15]_b[15]_add_1_OUT<15 : 0> on block top is not reconstructed,
   because there are some missing bus signals.
WARNING:NetListWriters:306 - Signal bus
   theBigOne/thirtytwoblockOne/sixteenblockOne/eightblockOne/fourblockZero/twobl
   ockZero/add/a[15]_b[15]_add_1_OUT<15 : 0> on block top is not reconstructed,
   because there are some missing bus signals.
WARNING:NetListWriters:306 - Signal bus
   theBigOne/thirtytwoblockOne/sixteenblockOne/eightblockOne/fourblockOne/twoblo
   ckOne/add/a[15]_b[15]_add_1_OUT<15 : 0> on block top is not reconstructed,
   because there are some missing bus signals.
WARNING:NetListWriters:306 - Signal bus
   theBigOne/thirtytwoblockOne/sixteenblockOne/eightblockOne/fourblockOne/twoblo
   ckZero/add/a[15]_b[15]_add_1_OUT<15 : 0> on block top is not reconstructed,
   because there are some missing bus signals.
WARNING:NetListWriters:306 - Signal bus
   theBigOne/thirtytwoblockOne/sixteenblockOne/eightblockZero/fourblockZero/twob
   lockOne/add/a[15]_b[15]_add_1_OUT<15 : 0> on block top is not reconstructed,
   because there are some missing bus signals.
WARNING:NetListWriters:306 - Signal bus
   theBigOne/thirtytwoblockOne/sixteenblockOne/eightblockZero/fourblockZero/twob
   lockZero/add/a[15]_b[15]_add_1_OUT<15 : 0> on block top is not reconstructed,
   because there are some missing bus signals.
WARNING:NetListWriters:306 - Signal bus
   theBigOne/thirtytwoblockOne/sixteenblockOne/eightblockZero/fourblockOne/twobl
   ockOne/add/a[15]_b[15]_add_1_OUT<15 : 0> on block top is not reconstructed,
   because there are some missing bus signals.
WARNING:NetListWriters:306 - Signal bus
   theBigOne/thirtytwoblockOne/sixteenblockOne/eightblockZero/fourblockOne/twobl
   ockZero/add/a[15]_b[15]_add_1_OUT<15 : 0> on block top is not reconstructed,
   because there are some missing bus signals.
WARNING:NetListWriters:306 - Signal bus
   theBigOne/thirtytwoblockZero/sixteenblockZero/eightblockOne/fourblockZero/two
   blockOne/add/a[15]_b[15]_add_1_OUT<15 : 0> on block top is not reconstructed,
   because there are some missing bus signals.
WARNING:NetListWriters:306 - Signal bus
   theBigOne/thirtytwoblockZero/sixteenblockZero/eightblockOne/fourblockZero/two
   blockZero/add/a[15]_b[15]_add_1_OUT<15 : 0> on block top is not
   reconstructed, because there are some missing bus signals.
WARNING:NetListWriters:306 - Signal bus
   theBigOne/thirtytwoblockZero/sixteenblockZero/eightblockOne/fourblockOne/twob
   lockOne/add/a[15]_b[15]_add_1_OUT<15 : 0> on block top is not reconstructed,
   because there are some missing bus signals.
WARNING:NetListWriters:306 - Signal bus
   theBigOne/thirtytwoblockZero/sixteenblockZero/eightblockOne/fourblockOne/twob
   lockZero/add/a[15]_b[15]_add_1_OUT<15 : 0> on block top is not reconstructed,
   because there are some missing bus signals.
WARNING:NetListWriters:306 - Signal bus
   theBigOne/thirtytwoblockZero/sixteenblockZero/eightblockZero/fourblockZero/tw
   oblockOne/add/a[15]_b[15]_add_1_OUT<15 : 0> on block top is not
   reconstructed, because there are some missing bus signals.
WARNING:NetListWriters:306 - Signal bus
   theBigOne/thirtytwoblockZero/sixteenblockZero/eightblockZero/fourblockZero/tw
   oblockZero/add/a[15]_b[15]_add_1_OUT<15 : 0> on block top is not
   reconstructed, because there are some missing bus signals.
WARNING:NetListWriters:306 - Signal bus
   theBigOne/thirtytwoblockZero/sixteenblockZero/eightblockZero/fourblockOne/two
   blockOne/add/a[15]_b[15]_add_1_OUT<15 : 0> on block top is not reconstructed,
   because there are some missing bus signals.
WARNING:NetListWriters:306 - Signal bus
   theBigOne/thirtytwoblockZero/sixteenblockZero/eightblockZero/fourblockOne/two
   blockZero/add/a[15]_b[15]_add_1_OUT<15 : 0> on block top is not
   reconstructed, because there are some missing bus signals.
WARNING:NetListWriters:306 - Signal bus
   theBigOne/thirtytwoblockZero/sixteenblockOne/eightblockOne/fourblockZero/twob
   lockOne/add/a[15]_b[15]_add_1_OUT<15 : 0> on block top is not reconstructed,
   because there are some missing bus signals.
WARNING:NetListWriters:306 - Signal bus
   theBigOne/thirtytwoblockZero/sixteenblockOne/eightblockOne/fourblockZero/twob
   lockZero/add/a[15]_b[15]_add_1_OUT<15 : 0> on block top is not reconstructed,
   because there are some missing bus signals.
WARNING:NetListWriters:306 - Signal bus
   theBigOne/thirtytwoblockZero/sixteenblockOne/eightblockOne/fourblockOne/twobl
   ockOne/add/a[15]_b[15]_add_1_OUT<15 : 0> on block top is not reconstructed,
   because there are some missing bus signals.
WARNING:NetListWriters:306 - Signal bus
   theBigOne/thirtytwoblockZero/sixteenblockOne/eightblockOne/fourblockOne/twobl
   ockZero/add/a[15]_b[15]_add_1_OUT<15 : 0> on block top is not reconstructed,
   because there are some missing bus signals.
WARNING:NetListWriters:306 - Signal bus
   theBigOne/thirtytwoblockZero/sixteenblockOne/eightblockZero/fourblockZero/two
   blockOne/add/a[15]_b[15]_add_1_OUT<15 : 0> on block top is not reconstructed,
   because there are some missing bus signals.
WARNING:NetListWriters:306 - Signal bus
   theBigOne/thirtytwoblockZero/sixteenblockOne/eightblockZero/fourblockZero/two
   blockZero/add/a[15]_b[15]_add_1_OUT<15 : 0> on block top is not
   reconstructed, because there are some missing bus signals.
WARNING:NetListWriters:306 - Signal bus
   theBigOne/thirtytwoblockZero/sixteenblockOne/eightblockZero/fourblockOne/twob
   lockOne/add/a[15]_b[15]_add_1_OUT<15 : 0> on block top is not reconstructed,
   because there are some missing bus signals.
WARNING:NetListWriters:306 - Signal bus
   theBigOne/thirtytwoblockZero/sixteenblockOne/eightblockZero/fourblockOne/twob
   lockZero/add/a[15]_b[15]_add_1_OUT<15 : 0> on block top is not reconstructed,
   because there are some missing bus signals.
WARNING:NetListWriters:306 - Signal bus
   theBigOne/thirtytwoblockZero/sixteenblockOne/eightblockZero/fourblockOne/twob
   lockOne/add/sum<15 : 0> on block top is not reconstructed, because there are
   some missing bus signals.
WARNING:NetListWriters:306 - Signal bus
   theBigOne/thirtytwoblockZero/sixteenblockOne/eightblockZero/fourblockOne/twob
   lockZero/add/sum<15 : 0> on block top is not reconstructed, because there are
   some missing bus signals.
WARNING:NetListWriters:306 - Signal bus
   theBigOne/thirtytwoblockZero/sixteenblockOne/eightblockZero/fourblockOne/add/
   a[15]_b[15]_add_1_OUT<15 : 0> on block top is not reconstructed, because
   there are some missing bus signals.
WARNING:NetListWriters:306 - Signal bus
   theBigOne/thirtytwoblockZero/sixteenblockOne/eightblockZero/fourblockZero/two
   blockOne/add/sum<15 : 0> on block top is not reconstructed, because there are
   some missing bus signals.
WARNING:NetListWriters:306 - Signal bus
   theBigOne/thirtytwoblockZero/sixteenblockOne/eightblockZero/fourblockZero/two
   blockZero/add/sum<15 : 0> on block top is not reconstructed, because there
   are some missing bus signals.
WARNING:NetListWriters:306 - Signal bus
   theBigOne/thirtytwoblockZero/sixteenblockOne/eightblockZero/fourblockZero/add
   /a[15]_b[15]_add_1_OUT<15 : 0> on block top is not reconstructed, because
   there are some missing bus signals.
WARNING:NetListWriters:306 - Signal bus
   theBigOne/thirtytwoblockZero/sixteenblockOne/eightblockOne/fourblockOne/twobl
   ockOne/add/sum<15 : 0> on block top is not reconstructed, because there are
   some missing bus signals.
WARNING:NetListWriters:306 - Signal bus
   theBigOne/thirtytwoblockZero/sixteenblockOne/eightblockOne/fourblockOne/twobl
   ockZero/add/sum<15 : 0> on block top is not reconstructed, because there are
   some missing bus signals.
WARNING:NetListWriters:306 - Signal bus
   theBigOne/thirtytwoblockZero/sixteenblockOne/eightblockOne/fourblockOne/add/a
   [15]_b[15]_add_1_OUT<15 : 0> on block top is not reconstructed, because there
   are some missing bus signals.
WARNING:NetListWriters:306 - Signal bus
   theBigOne/thirtytwoblockZero/sixteenblockOne/eightblockOne/fourblockZero/twob
   lockOne/add/sum<15 : 0> on block top is not reconstructed, because there are
   some missing bus signals.
WARNING:NetListWriters:306 - Signal bus
   theBigOne/thirtytwoblockZero/sixteenblockOne/eightblockOne/fourblockZero/twob
   lockZero/add/sum<15 : 0> on block top is not reconstructed, because there are
   some missing bus signals.
WARNING:NetListWriters:306 - Signal bus
   theBigOne/thirtytwoblockZero/sixteenblockOne/eightblockOne/fourblockZero/add/
   a[15]_b[15]_add_1_OUT<15 : 0> on block top is not reconstructed, because
   there are some missing bus signals.
WARNING:NetListWriters:306 - Signal bus
   theBigOne/thirtytwoblockZero/sixteenblockZero/eightblockZero/fourblockOne/two
   blockOne/add/sum<15 : 0> on block top is not reconstructed, because there are
   some missing bus signals.
WARNING:NetListWriters:306 - Signal bus
   theBigOne/thirtytwoblockZero/sixteenblockZero/eightblockZero/fourblockOne/two
   blockZero/add/sum<15 : 0> on block top is not reconstructed, because there
   are some missing bus signals.
WARNING:NetListWriters:306 - Signal bus
   theBigOne/thirtytwoblockZero/sixteenblockZero/eightblockZero/fourblockOne/add
   /a[15]_b[15]_add_1_OUT<15 : 0> on block top is not reconstructed, because
   there are some missing bus signals.
WARNING:NetListWriters:306 - Signal bus
   theBigOne/thirtytwoblockZero/sixteenblockZero/eightblockZero/fourblockZero/tw
   oblockOne/add/sum<15 : 0> on block top is not reconstructed, because there
   are some missing bus signals.
WARNING:NetListWriters:306 - Signal bus
   theBigOne/thirtytwoblockZero/sixteenblockZero/eightblockZero/fourblockZero/tw
   oblockZero/add/sum<15 : 0> on block top is not reconstructed, because there
   are some missing bus signals.
WARNING:NetListWriters:306 - Signal bus
   theBigOne/thirtytwoblockZero/sixteenblockZero/eightblockZero/fourblockZero/ad
   d/a[15]_b[15]_add_1_OUT<15 : 0> on block top is not reconstructed, because
   there are some missing bus signals.
WARNING:NetListWriters:306 - Signal bus
   theBigOne/thirtytwoblockZero/sixteenblockZero/eightblockOne/fourblockOne/twob
   lockOne/add/sum<15 : 0> on block top is not reconstructed, because there are
   some missing bus signals.
WARNING:NetListWriters:306 - Signal bus
   theBigOne/thirtytwoblockZero/sixteenblockZero/eightblockOne/fourblockOne/twob
   lockZero/add/sum<15 : 0> on block top is not reconstructed, because there are
   some missing bus signals.
WARNING:NetListWriters:306 - Signal bus
   theBigOne/thirtytwoblockZero/sixteenblockZero/eightblockOne/fourblockOne/add/
   a[15]_b[15]_add_1_OUT<15 : 0> on block top is not reconstructed, because
   there are some missing bus signals.
WARNING:NetListWriters:306 - Signal bus
   theBigOne/thirtytwoblockZero/sixteenblockZero/eightblockOne/fourblockZero/two
   blockOne/add/sum<15 : 0> on block top is not reconstructed, because there are
   some missing bus signals.
WARNING:NetListWriters:306 - Signal bus
   theBigOne/thirtytwoblockZero/sixteenblockZero/eightblockOne/fourblockZero/two
   blockZero/add/sum<15 : 0> on block top is not reconstructed, because there
   are some missing bus signals.
WARNING:NetListWriters:306 - Signal bus
   theBigOne/thirtytwoblockZero/sixteenblockZero/eightblockOne/fourblockZero/add
   /a[15]_b[15]_add_1_OUT<15 : 0> on block top is not reconstructed, because
   there are some missing bus signals.
WARNING:NetListWriters:306 - Signal bus
   theBigOne/thirtytwoblockOne/sixteenblockOne/eightblockZero/fourblockOne/twobl
   ockOne/add/sum<15 : 0> on block top is not reconstructed, because there are
   some missing bus signals.
WARNING:NetListWriters:306 - Signal bus
   theBigOne/thirtytwoblockOne/sixteenblockOne/eightblockZero/fourblockOne/twobl
   ockZero/add/sum<15 : 0> on block top is not reconstructed, because there are
   some missing bus signals.
WARNING:NetListWriters:306 - Signal bus
   theBigOne/thirtytwoblockOne/sixteenblockOne/eightblockZero/fourblockOne/add/a
   [15]_b[15]_add_1_OUT<15 : 0> on block top is not reconstructed, because there
   are some missing bus signals.
WARNING:NetListWriters:306 - Signal bus
   theBigOne/thirtytwoblockOne/sixteenblockOne/eightblockZero/fourblockZero/twob
   lockOne/add/sum<15 : 0> on block top is not reconstructed, because there are
   some missing bus signals.
WARNING:NetListWriters:306 - Signal bus
   theBigOne/thirtytwoblockOne/sixteenblockOne/eightblockZero/fourblockZero/twob
   lockZero/add/sum<15 : 0> on block top is not reconstructed, because there are
   some missing bus signals.
WARNING:NetListWriters:306 - Signal bus
   theBigOne/thirtytwoblockOne/sixteenblockOne/eightblockZero/fourblockZero/add/
   a[15]_b[15]_add_1_OUT<15 : 0> on block top is not reconstructed, because
   there are some missing bus signals.
WARNING:NetListWriters:306 - Signal bus
   theBigOne/thirtytwoblockOne/sixteenblockOne/eightblockOne/fourblockOne/twoblo
   ckOne/add/sum<15 : 0> on block top is not reconstructed, because there are
   some missing bus signals.
WARNING:NetListWriters:306 - Signal bus
   theBigOne/thirtytwoblockOne/sixteenblockOne/eightblockOne/fourblockOne/twoblo
   ckZero/add/sum<15 : 0> on block top is not reconstructed, because there are
   some missing bus signals.
WARNING:NetListWriters:306 - Signal bus
   theBigOne/thirtytwoblockOne/sixteenblockOne/eightblockOne/fourblockOne/add/a[
   15]_b[15]_add_1_OUT<15 : 0> on block top is not reconstructed, because there
   are some missing bus signals.
WARNING:NetListWriters:306 - Signal bus
   theBigOne/thirtytwoblockOne/sixteenblockOne/eightblockOne/fourblockZero/twobl
   ockOne/add/sum<15 : 0> on block top is not reconstructed, because there are
   some missing bus signals.
WARNING:NetListWriters:306 - Signal bus
   theBigOne/thirtytwoblockOne/sixteenblockOne/eightblockOne/fourblockZero/twobl
   ockZero/add/sum<15 : 0> on block top is not reconstructed, because there are
   some missing bus signals.
WARNING:NetListWriters:306 - Signal bus
   theBigOne/thirtytwoblockOne/sixteenblockOne/eightblockOne/fourblockZero/add/a
   [15]_b[15]_add_1_OUT<15 : 0> on block top is not reconstructed, because there
   are some missing bus signals.
WARNING:NetListWriters:306 - Signal bus
   theBigOne/thirtytwoblockOne/sixteenblockZero/eightblockZero/fourblockOne/twob
   lockOne/add/sum<15 : 0> on block top is not reconstructed, because there are
   some missing bus signals.
WARNING:NetListWriters:306 - Signal bus
   theBigOne/thirtytwoblockOne/sixteenblockZero/eightblockZero/fourblockOne/twob
   lockZero/add/sum<15 : 0> on block top is not reconstructed, because there are
   some missing bus signals.
WARNING:NetListWriters:306 - Signal bus
   theBigOne/thirtytwoblockOne/sixteenblockZero/eightblockZero/fourblockOne/add/
   a[15]_b[15]_add_1_OUT<15 : 0> on block top is not reconstructed, because
   there are some missing bus signals.
WARNING:NetListWriters:306 - Signal bus
   theBigOne/thirtytwoblockOne/sixteenblockZero/eightblockZero/fourblockZero/two
   blockOne/add/sum<15 : 0> on block top is not reconstructed, because there are
   some missing bus signals.
WARNING:NetListWriters:306 - Signal bus
   theBigOne/thirtytwoblockOne/sixteenblockZero/eightblockZero/fourblockZero/two
   blockZero/add/sum<15 : 0> on block top is not reconstructed, because there
   are some missing bus signals.
WARNING:NetListWriters:306 - Signal bus
   theBigOne/thirtytwoblockOne/sixteenblockZero/eightblockZero/fourblockZero/add
   /a[15]_b[15]_add_1_OUT<15 : 0> on block top is not reconstructed, because
   there are some missing bus signals.
WARNING:NetListWriters:306 - Signal bus
   theBigOne/thirtytwoblockOne/sixteenblockZero/eightblockOne/fourblockOne/twobl
   ockOne/add/sum<15 : 0> on block top is not reconstructed, because there are
   some missing bus signals.
WARNING:NetListWriters:306 - Signal bus
   theBigOne/thirtytwoblockOne/sixteenblockZero/eightblockOne/fourblockOne/twobl
   ockZero/add/sum<15 : 0> on block top is not reconstructed, because there are
   some missing bus signals.
WARNING:NetListWriters:306 - Signal bus
   theBigOne/thirtytwoblockOne/sixteenblockZero/eightblockOne/fourblockOne/add/a
   [15]_b[15]_add_1_OUT<15 : 0> on block top is not reconstructed, because there
   are some missing bus signals.
WARNING:NetListWriters:306 - Signal bus
   theBigOne/thirtytwoblockOne/sixteenblockZero/eightblockOne/fourblockZero/twob
   lockOne/add/sum<15 : 0> on block top is not reconstructed, because there are
   some missing bus signals.
WARNING:NetListWriters:306 - Signal bus
   theBigOne/thirtytwoblockOne/sixteenblockZero/eightblockOne/fourblockZero/twob
   lockZero/add/sum<15 : 0> on block top is not reconstructed, because there are
   some missing bus signals.
WARNING:NetListWriters:306 - Signal bus
   theBigOne/thirtytwoblockOne/sixteenblockZero/eightblockOne/fourblockZero/add/
   a[15]_b[15]_add_1_OUT<15 : 0> on block top is not reconstructed, because
   there are some missing bus signals.
WARNING:NetListWriters:306 - Signal bus
   theBigOne/thirtytwoblockOne/sixteenblockZero/eightblockOne/fourblockOne/add/s
   um<15 : 0> on block top is not reconstructed, because there are some missing
   bus signals.
WARNING:NetListWriters:306 - Signal bus
   theBigOne/thirtytwoblockOne/sixteenblockZero/eightblockOne/fourblockZero/add/
   sum<15 : 0> on block top is not reconstructed, because there are some missing
   bus signals.
WARNING:NetListWriters:306 - Signal bus
   theBigOne/thirtytwoblockOne/sixteenblockZero/eightblockOne/add/a[15]_b[15]_ad
   d_1_OUT<15 : 0> on block top is not reconstructed, because there are some
   missing bus signals.
WARNING:NetListWriters:306 - Signal bus
   theBigOne/thirtytwoblockOne/sixteenblockZero/eightblockZero/fourblockOne/add/
   sum<15 : 0> on block top is not reconstructed, because there are some missing
   bus signals.
WARNING:NetListWriters:306 - Signal bus
   theBigOne/thirtytwoblockOne/sixteenblockZero/eightblockZero/fourblockZero/add
   /sum<15 : 0> on block top is not reconstructed, because there are some
   missing bus signals.
WARNING:NetListWriters:306 - Signal bus
   theBigOne/thirtytwoblockOne/sixteenblockZero/eightblockZero/add/a[15]_b[15]_a
   dd_1_OUT<15 : 0> on block top is not reconstructed, because there are some
   missing bus signals.
WARNING:NetListWriters:306 - Signal bus
   theBigOne/thirtytwoblockOne/sixteenblockOne/eightblockOne/fourblockOne/add/su
   m<15 : 0> on block top is not reconstructed, because there are some missing
   bus signals.
WARNING:NetListWriters:306 - Signal bus
   theBigOne/thirtytwoblockOne/sixteenblockOne/eightblockOne/fourblockZero/add/s
   um<15 : 0> on block top is not reconstructed, because there are some missing
   bus signals.
WARNING:NetListWriters:306 - Signal bus
   theBigOne/thirtytwoblockOne/sixteenblockOne/eightblockOne/add/a[15]_b[15]_add
   _1_OUT<15 : 0> on block top is not reconstructed, because there are some
   missing bus signals.
WARNING:NetListWriters:306 - Signal bus
   theBigOne/thirtytwoblockOne/sixteenblockOne/eightblockZero/fourblockOne/add/s
   um<15 : 0> on block top is not reconstructed, because there are some missing
   bus signals.
WARNING:NetListWriters:306 - Signal bus
   theBigOne/thirtytwoblockOne/sixteenblockOne/eightblockZero/fourblockZero/add/
   sum<15 : 0> on block top is not reconstructed, because there are some missing
   bus signals.
WARNING:NetListWriters:306 - Signal bus
   theBigOne/thirtytwoblockOne/sixteenblockOne/eightblockZero/add/a[15]_b[15]_ad
   d_1_OUT<15 : 0> on block top is not reconstructed, because there are some
   missing bus signals.
WARNING:NetListWriters:306 - Signal bus
   theBigOne/thirtytwoblockZero/sixteenblockZero/eightblockOne/fourblockOne/add/
   sum<15 : 0> on block top is not reconstructed, because there are some missing
   bus signals.
WARNING:NetListWriters:306 - Signal bus
   theBigOne/thirtytwoblockZero/sixteenblockZero/eightblockOne/fourblockZero/add
   /sum<15 : 0> on block top is not reconstructed, because there are some
   missing bus signals.
WARNING:NetListWriters:306 - Signal bus
   theBigOne/thirtytwoblockZero/sixteenblockZero/eightblockOne/add/a[15]_b[15]_a
   dd_1_OUT<15 : 0> on block top is not reconstructed, because there are some
   missing bus signals.
WARNING:NetListWriters:306 - Signal bus
   theBigOne/thirtytwoblockZero/sixteenblockZero/eightblockZero/fourblockOne/add
   /sum<15 : 0> on block top is not reconstructed, because there are some
   missing bus signals.
WARNING:NetListWriters:306 - Signal bus
   theBigOne/thirtytwoblockZero/sixteenblockZero/eightblockZero/fourblockZero/ad
   d/sum<15 : 0> on block top is not reconstructed, because there are some
   missing bus signals.
WARNING:NetListWriters:306 - Signal bus
   theBigOne/thirtytwoblockZero/sixteenblockZero/eightblockZero/add/a[15]_b[15]_
   add_1_OUT<15 : 0> on block top is not reconstructed, because there are some
   missing bus signals.
WARNING:NetListWriters:306 - Signal bus
   theBigOne/thirtytwoblockZero/sixteenblockOne/eightblockOne/fourblockOne/add/s
   um<15 : 0> on block top is not reconstructed, because there are some missing
   bus signals.
WARNING:NetListWriters:306 - Signal bus
   theBigOne/thirtytwoblockZero/sixteenblockOne/eightblockOne/fourblockZero/add/
   sum<15 : 0> on block top is not reconstructed, because there are some missing
   bus signals.
WARNING:NetListWriters:306 - Signal bus
   theBigOne/thirtytwoblockZero/sixteenblockOne/eightblockOne/add/a[15]_b[15]_ad
   d_1_OUT<15 : 0> on block top is not reconstructed, because there are some
   missing bus signals.
WARNING:NetListWriters:306 - Signal bus
   theBigOne/thirtytwoblockZero/sixteenblockOne/eightblockZero/fourblockOne/add/
   sum<15 : 0> on block top is not reconstructed, because there are some missing
   bus signals.
WARNING:NetListWriters:306 - Signal bus
   theBigOne/thirtytwoblockZero/sixteenblockOne/eightblockZero/fourblockZero/add
   /sum<15 : 0> on block top is not reconstructed, because there are some
   missing bus signals.
WARNING:NetListWriters:306 - Signal bus
   theBigOne/thirtytwoblockZero/sixteenblockOne/eightblockZero/add/a[15]_b[15]_a
   dd_1_OUT<15 : 0> on block top is not reconstructed, because there are some
   missing bus signals.
WARNING:NetListWriters:306 - Signal bus
   theBigOne/thirtytwoblockZero/sixteenblockOne/eightblockOne/add/sum<15 : 0> on
   block top is not reconstructed, because there are some missing bus signals.
WARNING:NetListWriters:306 - Signal bus
   theBigOne/thirtytwoblockZero/sixteenblockOne/eightblockZero/add/sum<15 : 0>
   on block top is not reconstructed, because there are some missing bus
   signals.
WARNING:NetListWriters:306 - Signal bus
   theBigOne/thirtytwoblockZero/sixteenblockOne/add/a[15]_b[15]_add_1_OUT<15 :
   0> on block top is not reconstructed, because there are some missing bus
   signals.
WARNING:NetListWriters:306 - Signal bus
   theBigOne/thirtytwoblockZero/sixteenblockZero/eightblockOne/add/sum<15 : 0>
   on block top is not reconstructed, because there are some missing bus
   signals.
WARNING:NetListWriters:306 - Signal bus
   theBigOne/thirtytwoblockZero/sixteenblockZero/eightblockZero/add/sum<15 : 0>
   on block top is not reconstructed, because there are some missing bus
   signals.
WARNING:NetListWriters:306 - Signal bus
   theBigOne/thirtytwoblockZero/sixteenblockZero/add/a[15]_b[15]_add_1_OUT<15 :
   0> on block top is not reconstructed, because there are some missing bus
   signals.
WARNING:NetListWriters:306 - Signal bus
   theBigOne/thirtytwoblockOne/sixteenblockOne/eightblockOne/add/sum<15 : 0> on
   block top is not reconstructed, because there are some missing bus signals.
WARNING:NetListWriters:306 - Signal bus
   theBigOne/thirtytwoblockOne/sixteenblockOne/eightblockZero/add/sum<15 : 0> on
   block top is not reconstructed, because there are some missing bus signals.
WARNING:NetListWriters:306 - Signal bus
   theBigOne/thirtytwoblockOne/sixteenblockOne/add/a[15]_b[15]_add_1_OUT<15 : 0>
   on block top is not reconstructed, because there are some missing bus
   signals.
WARNING:NetListWriters:306 - Signal bus
   theBigOne/thirtytwoblockOne/sixteenblockZero/eightblockOne/add/sum<15 : 0> on
   block top is not reconstructed, because there are some missing bus signals.
WARNING:NetListWriters:306 - Signal bus
   theBigOne/thirtytwoblockOne/sixteenblockZero/eightblockZero/add/sum<15 : 0>
   on block top is not reconstructed, because there are some missing bus
   signals.
WARNING:NetListWriters:306 - Signal bus
   theBigOne/thirtytwoblockOne/sixteenblockZero/add/a[15]_b[15]_add_1_OUT<15 :
   0> on block top is not reconstructed, because there are some missing bus
   signals.
WARNING:NetListWriters:306 - Signal bus
   theBigOne/thirtytwoblockOne/sixteenblockOne/add/sum<15 : 0> on block top is
   not reconstructed, because there are some missing bus signals.
WARNING:NetListWriters:306 - Signal bus
   theBigOne/thirtytwoblockOne/sixteenblockZero/add/sum<15 : 0> on block top is
   not reconstructed, because there are some missing bus signals.
WARNING:NetListWriters:306 - Signal bus
   theBigOne/thirtytwoblockOne/add/a[15]_b[15]_add_1_OUT<15 : 0> on block top is
   not reconstructed, because there are some missing bus signals.
WARNING:NetListWriters:306 - Signal bus
   theBigOne/thirtytwoblockZero/sixteenblockOne/add/sum<15 : 0> on block top is
   not reconstructed, because there are some missing bus signals.
WARNING:NetListWriters:306 - Signal bus
   theBigOne/thirtytwoblockZero/sixteenblockZero/add/sum<15 : 0> on block top is
   not reconstructed, because there are some missing bus signals.
WARNING:NetListWriters:306 - Signal bus
   theBigOne/thirtytwoblockZero/add/a[15]_b[15]_add_1_OUT<15 : 0> on block top
   is not reconstructed, because there are some missing bus signals.
WARNING:NetListWriters:306 - Signal bus theBigOne/thirtytwoblockZero/add/sum<15
   : 0> on block top is not reconstructed, because there are some missing bus
   signals.
WARNING:NetListWriters:306 - Signal bus theBigOne/thirtytwoblockOne/add/sum<15 :
   0> on block top is not reconstructed, because there are some missing bus
   signals.
  finished :Prep
Writing EDIF netlist file top.edif ...
ngc2edif: Total memory usage is 228796 kilobytes

Parsing EDIF File [./planAhead_run_4/Thesis.data/cache/top_ngc_7a7d325b.edif]
Finished Parsing EDIF File [./planAhead_run_4/Thesis.data/cache/top_ngc_7a7d325b.edif]
Release 14.7 - ngc2edif P.20131013 (lin64)
Copyright (c) 1995-2013 Xilinx, Inc.  All rights reserved.

Release 14.7 - ngc2edif P.20131013 (lin64)
Copyright (c) 1995-2013 Xilinx, Inc.  All rights reserved.
Reading design okTriggerOut.ngc ...
WARNING:NetListWriters:298 - No output is written to okTriggerOut.xncf, ignored.
Processing design ...
   Preping design's networks ...
   Preping design's macros ...
  finished :Prep
Writing EDIF netlist file okTriggerOut.edif ...
ngc2edif: Total memory usage is 104128 kilobytes

Reading core file '/home/ise/ise_projects/WaveGenerator/okTriggerOut.ngc' for (cell view 'okTriggerOut', library 'top_lib', file 'top.ngc')
Parsing EDIF File [./planAhead_run_4/Thesis.data/cache/okTriggerOut_ngc_7a7d325b.edif]
Finished Parsing EDIF File [./planAhead_run_4/Thesis.data/cache/okTriggerOut_ngc_7a7d325b.edif]
Release 14.7 - ngc2edif P.20131013 (lin64)
Copyright (c) 1995-2013 Xilinx, Inc.  All rights reserved.

Release 14.7 - ngc2edif P.20131013 (lin64)
Copyright (c) 1995-2013 Xilinx, Inc.  All rights reserved.
Reading design okTriggerIn.ngc ...
WARNING:NetListWriters:298 - No output is written to okTriggerIn.xncf, ignored.
Processing design ...
   Preping design's networks ...
   Preping design's macros ...
  finished :Prep
Writing EDIF netlist file okTriggerIn.edif ...
ngc2edif: Total memory usage is 104100 kilobytes

Reading core file '/home/ise/ise_projects/WaveGenerator/okTriggerIn.ngc' for (cell view 'okTriggerIn', library 'top_lib', file 'top.ngc')
Parsing EDIF File [./planAhead_run_4/Thesis.data/cache/okTriggerIn_ngc_7a7d325b.edif]
Finished Parsing EDIF File [./planAhead_run_4/Thesis.data/cache/okTriggerIn_ngc_7a7d325b.edif]
Release 14.7 - ngc2edif P.20131013 (lin64)
Copyright (c) 1995-2013 Xilinx, Inc.  All rights reserved.

Release 14.7 - ngc2edif P.20131013 (lin64)
Copyright (c) 1995-2013 Xilinx, Inc.  All rights reserved.
Reading design okPipeIn.ngc ...
WARNING:NetListWriters:298 - No output is written to okPipeIn.xncf, ignored.
Processing design ...
   Preping design's networks ...
   Preping design's macros ...
  finished :Prep
Writing EDIF netlist file okPipeIn.edif ...
ngc2edif: Total memory usage is 104000 kilobytes

Reading core file '/home/ise/ise_projects/WaveGenerator/okPipeIn.ngc' for (cell view 'okPipeIn', library 'top_lib', file 'top.ngc')
Parsing EDIF File [./planAhead_run_4/Thesis.data/cache/okPipeIn_ngc_7a7d325b.edif]
Finished Parsing EDIF File [./planAhead_run_4/Thesis.data/cache/okPipeIn_ngc_7a7d325b.edif]
Release 14.7 - ngc2edif P.20131013 (lin64)
Copyright (c) 1995-2013 Xilinx, Inc.  All rights reserved.

Release 14.7 - ngc2edif P.20131013 (lin64)
Copyright (c) 1995-2013 Xilinx, Inc.  All rights reserved.
Reading design okCoreHarness.ngc ...
WARNING:NetListWriters:298 - No output is written to okCoreHarness.xncf,
   ignored.
Processing design ...
   Preping design's networks ...
   Preping design's macros ...
  finished :Prep
Writing EDIF netlist file okCoreHarness.edif ...
ngc2edif: Total memory usage is 106712 kilobytes

Reading core file '/home/ise/ise_projects/WaveGenerator/okCoreHarness.ngc' for (cell view 'okCoreHarness', library 'top_lib', file 'top.ngc')
Parsing EDIF File [./planAhead_run_4/Thesis.data/cache/okCoreHarness_ngc_7a7d325b.edif]
Finished Parsing EDIF File [./planAhead_run_4/Thesis.data/cache/okCoreHarness_ngc_7a7d325b.edif]
Release 14.7 - ngc2edif P.20131013 (lin64)
Copyright (c) 1995-2013 Xilinx, Inc.  All rights reserved.

Release 14.7 - ngc2edif P.20131013 (lin64)
Copyright (c) 1995-2013 Xilinx, Inc.  All rights reserved.
Reading design TFIFO64x8a_64x8b.ngc ...
WARNING:NetListWriters:298 - No output is written to TFIFO64x8a_64x8b.xncf,
   ignored.
Processing design ...
   Preping design's networks ...
   Preping design's macros ...
WARNING:NetListWriters:306 - Signal bus
   U0/grf.rf/rstblk/ngwrdrst.grst.rd_rst_reg<2 : 0> on block
   TFIFO64x8a_64x8b_fifo_generator_v6_2_xst_1 is not reconstructed, because
   there are some missing bus signals.
  finished :Prep
Writing EDIF netlist file TFIFO64x8a_64x8b.edif ...
ngc2edif: Total memory usage is 104332 kilobytes

Reading core file '/home/ise/ise_projects/WaveGenerator/TFIFO64x8a_64x8b.ngc' for (cell view 'TFIFO64x8a_64x8b', library 'okCoreHarness_lib', file 'okCoreHarness.ngc')
Parsing EDIF File [./planAhead_run_4/Thesis.data/cache/TFIFO64x8a_64x8b_ngc_7a7d325b.edif]
Finished Parsing EDIF File [./planAhead_run_4/Thesis.data/cache/TFIFO64x8a_64x8b_ngc_7a7d325b.edif]
Release 14.7 - ngc2edif P.20131013 (lin64)
Copyright (c) 1995-2013 Xilinx, Inc.  All rights reserved.

Release 14.7 - ngc2edif P.20131013 (lin64)
Copyright (c) 1995-2013 Xilinx, Inc.  All rights reserved.
Reading design okWireIn.ngc ...
WARNING:NetListWriters:298 - No output is written to okWireIn.xncf, ignored.
Processing design ...
   Preping design's networks ...
   Preping design's macros ...
  finished :Prep
Writing EDIF netlist file okWireIn.edif ...
ngc2edif: Total memory usage is 104012 kilobytes

Reading core file '/home/ise/ise_projects/WaveGenerator/okWireIn.ngc' for (cell view 'okWireIn', library 'top_lib', file 'top.ngc')
Parsing EDIF File [./planAhead_run_4/Thesis.data/cache/okWireIn_ngc_7a7d325b.edif]
Finished Parsing EDIF File [./planAhead_run_4/Thesis.data/cache/okWireIn_ngc_7a7d325b.edif]
Release 14.7 - ngc2edif P.20131013 (lin64)
Copyright (c) 1995-2013 Xilinx, Inc.  All rights reserved.

Release 14.7 - ngc2edif P.20131013 (lin64)
Copyright (c) 1995-2013 Xilinx, Inc.  All rights reserved.
Reading design okWireOut.ngc ...
WARNING:NetListWriters:298 - No output is written to okWireOut.xncf, ignored.
Processing design ...
   Preping design's networks ...
   Preping design's macros ...
  finished :Prep
Writing EDIF netlist file okWireOut.edif ...
ngc2edif: Total memory usage is 104004 kilobytes

Reading core file '/home/ise/ise_projects/WaveGenerator/okWireOut.ngc' for (cell view 'okWireOut', library 'top_lib', file 'top.ngc')
Parsing EDIF File [./planAhead_run_4/Thesis.data/cache/okWireOut_ngc_7a7d325b.edif]
Finished Parsing EDIF File [./planAhead_run_4/Thesis.data/cache/okWireOut_ngc_7a7d325b.edif]
Release 14.7 - ngc2edif P.20131013 (lin64)
Copyright (c) 1995-2013 Xilinx, Inc.  All rights reserved.

Release 14.7 - ngc2edif P.20131013 (lin64)
Copyright (c) 1995-2013 Xilinx, Inc.  All rights reserved.
Reading design two_clk_fifo.ngc ...
WARNING:NetListWriters:298 - No output is written to two_clk_fifo.xncf, ignored.
Processing design ...
   Preping design's networks ...
   Preping design's macros ...
  finished :Prep
Writing EDIF netlist file two_clk_fifo.edif ...
ngc2edif: Total memory usage is 113092 kilobytes

Reading core file '/home/ise/ise_projects/WaveGenerator/ipcore_dir/two_clk_fifo.ngc' for (cell view 'two_clk_fifo', library 'top_lib', file 'top.ngc')
Parsing EDIF File [./planAhead_run_4/Thesis.data/cache/two_clk_fifo_ngc_b4942460.edif]
Finished Parsing EDIF File [./planAhead_run_4/Thesis.data/cache/two_clk_fifo_ngc_b4942460.edif]
Release 14.7 - ngc2edif P.20131013 (lin64)
Copyright (c) 1995-2013 Xilinx, Inc.  All rights reserved.

Release 14.7 - ngc2edif P.20131013 (lin64)
Copyright (c) 1995-2013 Xilinx, Inc.  All rights reserved.
Reading design okPipeOut.ngc ...
WARNING:NetListWriters:298 - No output is written to okPipeOut.xncf, ignored.
Processing design ...
   Preping design's networks ...
   Preping design's macros ...
  finished :Prep
Writing EDIF netlist file okPipeOut.edif ...
ngc2edif: Total memory usage is 103984 kilobytes

Reading core file '/home/ise/ise_projects/WaveGenerator/okPipeOut.ngc' for (cell view 'okPipeOut', library 'top_lib', file 'top.ngc')
Parsing EDIF File [./planAhead_run_4/Thesis.data/cache/okPipeOut_ngc_7a7d325b.edif]
Finished Parsing EDIF File [./planAhead_run_4/Thesis.data/cache/okPipeOut_ngc_7a7d325b.edif]
INFO: [Netlist 29-17] Analyzing 84 Unisim elements for replacement
INFO: [Netlist 29-28] Unisim Transformation completed in 0 CPU seconds
WARNING: [Netlist 29-43] Netlist 'top' is not ideal for floorplanning, since the cellview 'top' defined in file 'top.ngc' contains large number of primitives.  Please consider enabling hierarchy in synthesis if you want to do floorplanning.
Loading clock regions from /opt/Xilinx/14.7/ISE_DS/PlanAhead/data/parts/xilinx/spartan6/spartan6lx/xc6slx150/ClockRegion.xml
Loading clock buffers from /opt/Xilinx/14.7/ISE_DS/PlanAhead/data/parts/xilinx/spartan6/spartan6lx/xc6slx150/ClockBuffers.xml
Loading package pin functions from /opt/Xilinx/14.7/ISE_DS/PlanAhead/data/parts/xilinx/spartan6/PinFunctions.xml...
Loading package from /opt/Xilinx/14.7/ISE_DS/PlanAhead/data/parts/xilinx/spartan6/spartan6lx/xc6slx150/fgg484/Package.xml
Loading io standards from /opt/Xilinx/14.7/ISE_DS/PlanAhead/data/./parts/xilinx/spartan6/IOStandards.xml
Loading device configuration modes from /opt/Xilinx/14.7/ISE_DS/PlanAhead/data/parts/xilinx/spartan6/ConfigModes.xml
Loading list of drcs for the architecture : /opt/Xilinx/14.7/ISE_DS/PlanAhead/data/./parts/xilinx/spartan6/drc.xml
Parsing UCF File [/home/ise/ise_projects/WaveGenerator/ipcore_dir/two_clk_fifo.ncf]
Finished Parsing UCF File [/home/ise/ise_projects/WaveGenerator/ipcore_dir/two_clk_fifo.ncf]
Parsing UCF File [/home/ise/ise_projects/WaveGenerator/top.ucf]
Finished Parsing UCF File [/home/ise/ise_projects/WaveGenerator/top.ucf]
INFO: [Project 1-111] Unisim Transformation Summary:
  A total of 84 instances were transformed.
  BUFGP => BUFGP (IBUF, BUFG): 1 instances
  IOBUF => IOBUF (OBUFT, IBUF): 17 instances
  LUT6_2 => LUT6_2 (LUT6, LUT5): 50 instances
  RAM128X1S => RAM128X1S (RAMS64E, RAMS64E, MUXF7): 8 instances
  RAM32M => RAM32M (RAMD32, RAMD32, RAMD32, RAMD32, RAMD32, RAMD32, RAMS32, RAMS32): 4 instances
  RAM64M => RAM64M (RAMD64E, RAMD64E, RAMD64E, RAMD64E): 2 instances
  RAM64X1D => RAM64X1D (RAMD64E, RAMD64E): 2 instances

Phase 0 | Netlist Checksum: 9da3be54
link_design: Time (s): cpu = 00:00:52 ; elapsed = 00:01:17 . Memory (MB): peak = 2974.770 ; gain = 317.922
exit
ERROR: [#UNDEF] *** Exception: ui.h.b: Found deleted key in HTclEventBroker. Verify if the classes listed here call cleanup()
HTclEvent: SIGNAL_BUS_MODIFY   Classes: ui.views.aR 
HTclEvent: SIGNAL_MODIFY   Classes: ui.views.aR 
HTclEvent: DEBUG_PORT_CONFIG_CHANGE   Classes: ui.views.aR 
HTclEvent: DEBUG_CORE_CONFIG_CHANGE   Classes: ui.views.aR 
 (See /home/ise/ise_projects/WaveGenerator/planAhead_pid6725.debug)
ERROR: [Common 17-39] 'stop_gui' failed due to earlier errors.
INFO: [Common 17-206] Exiting PlanAhead at Sun May  3 06:16:54 2020...
INFO: [Common 17-83] Releasing license: PlanAhead
