
****** PlanAhead v14.7 (64-bit)
  **** Build 321239 by xbuild on Fri Sep 27 19:24:36 MDT 2013
    ** Copyright 1986-1999, 2001-2013 Xilinx, Inc. All Rights Reserved.

INFO: [Common 17-78] Attempting to get a license: PlanAhead
INFO: [Common 17-290] Got license for PlanAhead
INFO: [Common 17-86] Your PlanAhead license expires in -1093 day(s)
INFO: [Device 21-36] Loading parts and site information from /opt/Xilinx/14.7/ISE_DS/PlanAhead/data/parts/arch.xml
Parsing RTL primitives file [/opt/Xilinx/14.7/ISE_DS/PlanAhead/data/parts/xilinx/rtl/prims/rtl_prims.xml]
Finished parsing RTL primitives file [/opt/Xilinx/14.7/ISE_DS/PlanAhead/data/parts/xilinx/rtl/prims/rtl_prims.xml]
start_gui
source /home/ise/ise_projects/WaveGenerator/pa.fromNetlist.tcl
# create_project -name Thesis -dir "/home/ise/ise_projects/WaveGenerator/planAhead_run_3" -part xc6slx150fgg484-2
# set_property design_mode GateLvl [get_property srcset [current_run -impl]]
# set_property edif_top_file "/home/ise/ise_projects/WaveGenerator/top.ngc" [ get_property srcset [ current_run ] ]
# add_files -norecurse { {/home/ise/ise_projects/WaveGenerator} {ipcore_dir} }
# add_files [list {ipcore_dir/two_clk_fifo.ncf}] -fileset [get_property constrset [current_run]]
# set_param project.pinAheadLayout  yes
# set_property target_constrs_file "top.ucf" [current_fileset -constrset]
Adding file '/home/ise/ise_projects/WaveGenerator/top.ucf' to fileset 'constrs_1'
# add_files [list {top.ucf}] -fileset [get_property constrset [current_run]]
# link_design
Design is defaulting to srcset: sources_1
Design is defaulting to constrset: constrs_1
Design is defaulting to project part: xc6slx150fgg484-2
Release 14.7 - ngc2edif P.20131013 (lin64)
Copyright (c) 1995-2013 Xilinx, Inc.  All rights reserved.

Release 14.7 - ngc2edif P.20131013 (lin64)
Copyright (c) 1995-2013 Xilinx, Inc.  All rights reserved.
Reading design top.ngc ...
WARNING:NetListWriters:298 - No output is written to top.xncf, ignored.
Processing design ...
   Preping design's networks ...
   Preping design's macros ...
WARNING:NetListWriters:306 - Signal bus finishedsignal<10 : 0> on block top is
   not reconstructed, because there are some missing bus signals.
WARNING:NetListWriters:306 - Signal bus
   theBigOne/thirtytwoblockZero/sixteenblockOne/eightblockZero/fourblockOne/twob
   lockOne/adder/sum<15 : 0> on block top is not reconstructed, because there
   are some missing bus signals.
WARNING:NetListWriters:306 - Signal bus
   theBigOne/thirtytwoblockZero/sixteenblockOne/eightblockZero/fourblockOne/twob
   lockZero/adder/sum<15 : 0> on block top is not reconstructed, because there
   are some missing bus signals.
WARNING:NetListWriters:306 - Signal bus
   theBigOne/thirtytwoblockZero/sixteenblockOne/eightblockZero/fourblockOne/twob
   lockOne/adder/a[15]_b[15]_add_1_OUT<15 : 0> on block top is not
   reconstructed, because there are some missing bus signals.
WARNING:NetListWriters:306 - Signal bus
   theBigOne/thirtytwoblockZero/sixteenblockOne/eightblockZero/fourblockOne/twob
   lockZero/adder/a[15]_b[15]_add_1_OUT<15 : 0> on block top is not
   reconstructed, because there are some missing bus signals.
WARNING:NetListWriters:306 - Signal bus
   theBigOne/thirtytwoblockZero/sixteenblockOne/eightblockZero/fourblockOne/adde
   r/a[15]_b[15]_add_1_OUT<15 : 0> on block top is not reconstructed, because
   there are some missing bus signals.
WARNING:NetListWriters:306 - Signal bus
   theBigOne/thirtytwoblockZero/sixteenblockOne/eightblockZero/fourblockZero/two
   blockOne/adder/sum<15 : 0> on block top is not reconstructed, because there
   are some missing bus signals.
WARNING:NetListWriters:306 - Signal bus
   theBigOne/thirtytwoblockZero/sixteenblockOne/eightblockZero/fourblockZero/two
   blockZero/adder/sum<15 : 0> on block top is not reconstructed, because there
   are some missing bus signals.
WARNING:NetListWriters:306 - Signal bus
   theBigOne/thirtytwoblockZero/sixteenblockOne/eightblockZero/fourblockZero/two
   blockOne/adder/a[15]_b[15]_add_1_OUT<15 : 0> on block top is not
   reconstructed, because there are some missing bus signals.
WARNING:NetListWriters:306 - Signal bus
   theBigOne/thirtytwoblockZero/sixteenblockOne/eightblockZero/fourblockZero/two
   blockZero/adder/a[15]_b[15]_add_1_OUT<15 : 0> on block top is not
   reconstructed, because there are some missing bus signals.
WARNING:NetListWriters:306 - Signal bus
   theBigOne/thirtytwoblockZero/sixteenblockOne/eightblockZero/fourblockZero/add
   er/a[15]_b[15]_add_1_OUT<15 : 0> on block top is not reconstructed, because
   there are some missing bus signals.
WARNING:NetListWriters:306 - Signal bus
   theBigOne/thirtytwoblockZero/sixteenblockOne/eightblockOne/fourblockOne/twobl
   ockOne/adder/sum<15 : 0> on block top is not reconstructed, because there are
   some missing bus signals.
WARNING:NetListWriters:306 - Signal bus
   theBigOne/thirtytwoblockZero/sixteenblockOne/eightblockOne/fourblockOne/twobl
   ockZero/adder/sum<15 : 0> on block top is not reconstructed, because there
   are some missing bus signals.
WARNING:NetListWriters:306 - Signal bus
   theBigOne/thirtytwoblockZero/sixteenblockOne/eightblockOne/fourblockOne/twobl
   ockOne/adder/a[15]_b[15]_add_1_OUT<15 : 0> on block top is not reconstructed,
   because there are some missing bus signals.
WARNING:NetListWriters:306 - Signal bus
   theBigOne/thirtytwoblockZero/sixteenblockOne/eightblockOne/fourblockOne/twobl
   ockZero/adder/a[15]_b[15]_add_1_OUT<15 : 0> on block top is not
   reconstructed, because there are some missing bus signals.
WARNING:NetListWriters:306 - Signal bus
   theBigOne/thirtytwoblockZero/sixteenblockOne/eightblockOne/fourblockOne/adder
   /a[15]_b[15]_add_1_OUT<15 : 0> on block top is not reconstructed, because
   there are some missing bus signals.
WARNING:NetListWriters:306 - Signal bus
   theBigOne/thirtytwoblockZero/sixteenblockOne/eightblockOne/fourblockZero/twob
   lockOne/adder/sum<15 : 0> on block top is not reconstructed, because there
   are some missing bus signals.
WARNING:NetListWriters:306 - Signal bus
   theBigOne/thirtytwoblockZero/sixteenblockOne/eightblockOne/fourblockZero/twob
   lockZero/adder/sum<15 : 0> on block top is not reconstructed, because there
   are some missing bus signals.
WARNING:NetListWriters:306 - Signal bus
   theBigOne/thirtytwoblockZero/sixteenblockOne/eightblockOne/fourblockZero/twob
   lockOne/adder/a[15]_b[15]_add_1_OUT<15 : 0> on block top is not
   reconstructed, because there are some missing bus signals.
WARNING:NetListWriters:306 - Signal bus
   theBigOne/thirtytwoblockZero/sixteenblockOne/eightblockOne/fourblockZero/twob
   lockZero/adder/a[15]_b[15]_add_1_OUT<15 : 0> on block top is not
   reconstructed, because there are some missing bus signals.
WARNING:NetListWriters:306 - Signal bus
   theBigOne/thirtytwoblockZero/sixteenblockOne/eightblockOne/fourblockZero/adde
   r/a[15]_b[15]_add_1_OUT<15 : 0> on block top is not reconstructed, because
   there are some missing bus signals.
WARNING:NetListWriters:306 - Signal bus
   theBigOne/thirtytwoblockZero/sixteenblockZero/eightblockZero/fourblockOne/two
   blockOne/adder/sum<15 : 0> on block top is not reconstructed, because there
   are some missing bus signals.
WARNING:NetListWriters:306 - Signal bus
   theBigOne/thirtytwoblockZero/sixteenblockZero/eightblockZero/fourblockOne/two
   blockZero/adder/sum<15 : 0> on block top is not reconstructed, because there
   are some missing bus signals.
WARNING:NetListWriters:306 - Signal bus
   theBigOne/thirtytwoblockZero/sixteenblockZero/eightblockZero/fourblockOne/two
   blockOne/adder/a[15]_b[15]_add_1_OUT<15 : 0> on block top is not
   reconstructed, because there are some missing bus signals.
WARNING:NetListWriters:306 - Signal bus
   theBigOne/thirtytwoblockZero/sixteenblockZero/eightblockZero/fourblockOne/two
   blockZero/adder/a[15]_b[15]_add_1_OUT<15 : 0> on block top is not
   reconstructed, because there are some missing bus signals.
WARNING:NetListWriters:306 - Signal bus
   theBigOne/thirtytwoblockZero/sixteenblockZero/eightblockZero/fourblockOne/add
   er/a[15]_b[15]_add_1_OUT<15 : 0> on block top is not reconstructed, because
   there are some missing bus signals.
WARNING:NetListWriters:306 - Signal bus
   theBigOne/thirtytwoblockZero/sixteenblockZero/eightblockZero/fourblockZero/tw
   oblockOne/adder/sum<15 : 0> on block top is not reconstructed, because there
   are some missing bus signals.
WARNING:NetListWriters:306 - Signal bus
   theBigOne/thirtytwoblockZero/sixteenblockZero/eightblockZero/fourblockZero/tw
   oblockZero/adder/sum<15 : 0> on block top is not reconstructed, because there
   are some missing bus signals.
WARNING:NetListWriters:306 - Signal bus
   theBigOne/thirtytwoblockZero/sixteenblockZero/eightblockZero/fourblockZero/tw
   oblockOne/adder/a[15]_b[15]_add_1_OUT<15 : 0> on block top is not
   reconstructed, because there are some missing bus signals.
WARNING:NetListWriters:306 - Signal bus
   theBigOne/thirtytwoblockZero/sixteenblockZero/eightblockZero/fourblockZero/tw
   oblockZero/adder/a[15]_b[15]_add_1_OUT<15 : 0> on block top is not
   reconstructed, because there are some missing bus signals.
WARNING:NetListWriters:306 - Signal bus
   theBigOne/thirtytwoblockZero/sixteenblockZero/eightblockZero/fourblockZero/ad
   der/a[15]_b[15]_add_1_OUT<15 : 0> on block top is not reconstructed, because
   there are some missing bus signals.
WARNING:NetListWriters:306 - Signal bus
   theBigOne/thirtytwoblockZero/sixteenblockZero/eightblockOne/fourblockOne/twob
   lockOne/adder/sum<15 : 0> on block top is not reconstructed, because there
   are some missing bus signals.
WARNING:NetListWriters:306 - Signal bus
   theBigOne/thirtytwoblockZero/sixteenblockZero/eightblockOne/fourblockOne/twob
   lockZero/adder/sum<15 : 0> on block top is not reconstructed, because there
   are some missing bus signals.
WARNING:NetListWriters:306 - Signal bus
   theBigOne/thirtytwoblockZero/sixteenblockZero/eightblockOne/fourblockOne/twob
   lockOne/adder/a[15]_b[15]_add_1_OUT<15 : 0> on block top is not
   reconstructed, because there are some missing bus signals.
WARNING:NetListWriters:306 - Signal bus
   theBigOne/thirtytwoblockZero/sixteenblockZero/eightblockOne/fourblockOne/twob
   lockZero/adder/a[15]_b[15]_add_1_OUT<15 : 0> on block top is not
   reconstructed, because there are some missing bus signals.
WARNING:NetListWriters:306 - Signal bus
   theBigOne/thirtytwoblockZero/sixteenblockZero/eightblockOne/fourblockOne/adde
   r/a[15]_b[15]_add_1_OUT<15 : 0> on block top is not reconstructed, because
   there are some missing bus signals.
WARNING:NetListWriters:306 - Signal bus
   theBigOne/thirtytwoblockZero/sixteenblockZero/eightblockOne/fourblockZero/two
   blockOne/adder/sum<15 : 0> on block top is not reconstructed, because there
   are some missing bus signals.
WARNING:NetListWriters:306 - Signal bus
   theBigOne/thirtytwoblockZero/sixteenblockZero/eightblockOne/fourblockZero/two
   blockZero/adder/sum<15 : 0> on block top is not reconstructed, because there
   are some missing bus signals.
WARNING:NetListWriters:306 - Signal bus
   theBigOne/thirtytwoblockZero/sixteenblockZero/eightblockOne/fourblockZero/two
   blockOne/adder/a[15]_b[15]_add_1_OUT<15 : 0> on block top is not
   reconstructed, because there are some missing bus signals.
WARNING:NetListWriters:306 - Signal bus
   theBigOne/thirtytwoblockZero/sixteenblockZero/eightblockOne/fourblockZero/two
   blockZero/adder/a[15]_b[15]_add_1_OUT<15 : 0> on block top is not
   reconstructed, because there are some missing bus signals.
WARNING:NetListWriters:306 - Signal bus
   theBigOne/thirtytwoblockZero/sixteenblockZero/eightblockOne/fourblockZero/add
   er/a[15]_b[15]_add_1_OUT<15 : 0> on block top is not reconstructed, because
   there are some missing bus signals.
WARNING:NetListWriters:306 - Signal bus
   theBigOne/thirtytwoblockOne/sixteenblockOne/eightblockZero/fourblockOne/twobl
   ockOne/adder/sum<15 : 0> on block top is not reconstructed, because there are
   some missing bus signals.
WARNING:NetListWriters:306 - Signal bus
   theBigOne/thirtytwoblockOne/sixteenblockOne/eightblockZero/fourblockOne/twobl
   ockZero/adder/sum<15 : 0> on block top is not reconstructed, because there
   are some missing bus signals.
WARNING:NetListWriters:306 - Signal bus
   theBigOne/thirtytwoblockOne/sixteenblockOne/eightblockZero/fourblockOne/twobl
   ockOne/adder/a[15]_b[15]_add_1_OUT<15 : 0> on block top is not reconstructed,
   because there are some missing bus signals.
WARNING:NetListWriters:306 - Signal bus
   theBigOne/thirtytwoblockOne/sixteenblockOne/eightblockZero/fourblockOne/twobl
   ockZero/adder/a[15]_b[15]_add_1_OUT<15 : 0> on block top is not
   reconstructed, because there are some missing bus signals.
WARNING:NetListWriters:306 - Signal bus
   theBigOne/thirtytwoblockOne/sixteenblockOne/eightblockZero/fourblockOne/adder
   /a[15]_b[15]_add_1_OUT<15 : 0> on block top is not reconstructed, because
   there are some missing bus signals.
WARNING:NetListWriters:306 - Signal bus
   theBigOne/thirtytwoblockOne/sixteenblockOne/eightblockZero/fourblockZero/twob
   lockOne/adder/sum<15 : 0> on block top is not reconstructed, because there
   are some missing bus signals.
WARNING:NetListWriters:306 - Signal bus
   theBigOne/thirtytwoblockOne/sixteenblockOne/eightblockZero/fourblockZero/twob
   lockZero/adder/sum<15 : 0> on block top is not reconstructed, because there
   are some missing bus signals.
WARNING:NetListWriters:306 - Signal bus
   theBigOne/thirtytwoblockOne/sixteenblockOne/eightblockZero/fourblockZero/twob
   lockOne/adder/a[15]_b[15]_add_1_OUT<15 : 0> on block top is not
   reconstructed, because there are some missing bus signals.
WARNING:NetListWriters:306 - Signal bus
   theBigOne/thirtytwoblockOne/sixteenblockOne/eightblockZero/fourblockZero/twob
   lockZero/adder/a[15]_b[15]_add_1_OUT<15 : 0> on block top is not
   reconstructed, because there are some missing bus signals.
WARNING:NetListWriters:306 - Signal bus
   theBigOne/thirtytwoblockOne/sixteenblockOne/eightblockZero/fourblockZero/adde
   r/a[15]_b[15]_add_1_OUT<15 : 0> on block top is not reconstructed, because
   there are some missing bus signals.
WARNING:NetListWriters:306 - Signal bus
   theBigOne/thirtytwoblockOne/sixteenblockOne/eightblockOne/fourblockOne/twoblo
   ckOne/adder/sum<15 : 0> on block top is not reconstructed, because there are
   some missing bus signals.
WARNING:NetListWriters:306 - Signal bus
   theBigOne/thirtytwoblockOne/sixteenblockOne/eightblockOne/fourblockOne/twoblo
   ckZero/adder/sum<15 : 0> on block top is not reconstructed, because there are
   some missing bus signals.
WARNING:NetListWriters:306 - Signal bus
   theBigOne/thirtytwoblockOne/sixteenblockOne/eightblockOne/fourblockOne/twoblo
   ckOne/adder/a[15]_b[15]_add_1_OUT<15 : 0> on block top is not reconstructed,
   because there are some missing bus signals.
WARNING:NetListWriters:306 - Signal bus
   theBigOne/thirtytwoblockOne/sixteenblockOne/eightblockOne/fourblockOne/twoblo
   ckZero/adder/a[15]_b[15]_add_1_OUT<15 : 0> on block top is not reconstructed,
   because there are some missing bus signals.
WARNING:NetListWriters:306 - Signal bus
   theBigOne/thirtytwoblockOne/sixteenblockOne/eightblockOne/fourblockOne/adder/
   a[15]_b[15]_add_1_OUT<15 : 0> on block top is not reconstructed, because
   there are some missing bus signals.
WARNING:NetListWriters:306 - Signal bus
   theBigOne/thirtytwoblockOne/sixteenblockOne/eightblockOne/fourblockZero/twobl
   ockOne/adder/sum<15 : 0> on block top is not reconstructed, because there are
   some missing bus signals.
WARNING:NetListWriters:306 - Signal bus
   theBigOne/thirtytwoblockOne/sixteenblockOne/eightblockOne/fourblockZero/twobl
   ockZero/adder/sum<15 : 0> on block top is not reconstructed, because there
   are some missing bus signals.
WARNING:NetListWriters:306 - Signal bus
   theBigOne/thirtytwoblockOne/sixteenblockOne/eightblockOne/fourblockZero/twobl
   ockOne/adder/a[15]_b[15]_add_1_OUT<15 : 0> on block top is not reconstructed,
   because there are some missing bus signals.
WARNING:NetListWriters:306 - Signal bus
   theBigOne/thirtytwoblockOne/sixteenblockOne/eightblockOne/fourblockZero/twobl
   ockZero/adder/a[15]_b[15]_add_1_OUT<15 : 0> on block top is not
   reconstructed, because there are some missing bus signals.
WARNING:NetListWriters:306 - Signal bus
   theBigOne/thirtytwoblockOne/sixteenblockOne/eightblockOne/fourblockZero/adder
   /a[15]_b[15]_add_1_OUT<15 : 0> on block top is not reconstructed, because
   there are some missing bus signals.
WARNING:NetListWriters:306 - Signal bus
   theBigOne/thirtytwoblockOne/sixteenblockZero/eightblockZero/fourblockOne/twob
   lockOne/adder/sum<15 : 0> on block top is not reconstructed, because there
   are some missing bus signals.
WARNING:NetListWriters:306 - Signal bus
   theBigOne/thirtytwoblockOne/sixteenblockZero/eightblockZero/fourblockOne/twob
   lockZero/adder/sum<15 : 0> on block top is not reconstructed, because there
   are some missing bus signals.
WARNING:NetListWriters:306 - Signal bus
   theBigOne/thirtytwoblockOne/sixteenblockZero/eightblockZero/fourblockOne/twob
   lockOne/adder/a[15]_b[15]_add_1_OUT<15 : 0> on block top is not
   reconstructed, because there are some missing bus signals.
WARNING:NetListWriters:306 - Signal bus
   theBigOne/thirtytwoblockOne/sixteenblockZero/eightblockZero/fourblockOne/twob
   lockZero/adder/a[15]_b[15]_add_1_OUT<15 : 0> on block top is not
   reconstructed, because there are some missing bus signals.
WARNING:NetListWriters:306 - Signal bus
   theBigOne/thirtytwoblockOne/sixteenblockZero/eightblockZero/fourblockOne/adde
   r/a[15]_b[15]_add_1_OUT<15 : 0> on block top is not reconstructed, because
   there are some missing bus signals.
WARNING:NetListWriters:306 - Signal bus
   theBigOne/thirtytwoblockOne/sixteenblockZero/eightblockZero/fourblockZero/two
   blockOne/adder/sum<15 : 0> on block top is not reconstructed, because there
   are some missing bus signals.
WARNING:NetListWriters:306 - Signal bus
   theBigOne/thirtytwoblockOne/sixteenblockZero/eightblockZero/fourblockZero/two
   blockZero/adder/sum<15 : 0> on block top is not reconstructed, because there
   are some missing bus signals.
WARNING:NetListWriters:306 - Signal bus
   theBigOne/thirtytwoblockOne/sixteenblockZero/eightblockZero/fourblockZero/two
   blockOne/adder/a[15]_b[15]_add_1_OUT<15 : 0> on block top is not
   reconstructed, because there are some missing bus signals.
WARNING:NetListWriters:306 - Signal bus
   theBigOne/thirtytwoblockOne/sixteenblockZero/eightblockZero/fourblockZero/two
   blockZero/adder/a[15]_b[15]_add_1_OUT<15 : 0> on block top is not
   reconstructed, because there are some missing bus signals.
WARNING:NetListWriters:306 - Signal bus
   theBigOne/thirtytwoblockOne/sixteenblockZero/eightblockZero/fourblockZero/add
   er/a[15]_b[15]_add_1_OUT<15 : 0> on block top is not reconstructed, because
   there are some missing bus signals.
WARNING:NetListWriters:306 - Signal bus
   theBigOne/thirtytwoblockOne/sixteenblockZero/eightblockOne/fourblockOne/twobl
   ockOne/adder/sum<15 : 0> on block top is not reconstructed, because there are
   some missing bus signals.
WARNING:NetListWriters:306 - Signal bus
   theBigOne/thirtytwoblockOne/sixteenblockZero/eightblockOne/fourblockOne/twobl
   ockZero/adder/sum<15 : 0> on block top is not reconstructed, because there
   are some missing bus signals.
WARNING:NetListWriters:306 - Signal bus
   theBigOne/thirtytwoblockOne/sixteenblockZero/eightblockOne/fourblockOne/twobl
   ockOne/adder/a[15]_b[15]_add_1_OUT<15 : 0> on block top is not reconstructed,
   because there are some missing bus signals.
WARNING:NetListWriters:306 - Signal bus
   theBigOne/thirtytwoblockOne/sixteenblockZero/eightblockOne/fourblockOne/twobl
   ockZero/adder/a[15]_b[15]_add_1_OUT<15 : 0> on block top is not
   reconstructed, because there are some missing bus signals.
WARNING:NetListWriters:306 - Signal bus
   theBigOne/thirtytwoblockOne/sixteenblockZero/eightblockOne/fourblockOne/adder
   /a[15]_b[15]_add_1_OUT<15 : 0> on block top is not reconstructed, because
   there are some missing bus signals.
WARNING:NetListWriters:306 - Signal bus
   theBigOne/thirtytwoblockOne/sixteenblockZero/eightblockOne/fourblockZero/twob
   lockOne/adder/sum<15 : 0> on block top is not reconstructed, because there
   are some missing bus signals.
WARNING:NetListWriters:306 - Signal bus
   theBigOne/thirtytwoblockOne/sixteenblockZero/eightblockOne/fourblockZero/twob
   lockZero/adder/sum<15 : 0> on block top is not reconstructed, because there
   are some missing bus signals.
WARNING:NetListWriters:306 - Signal bus
   theBigOne/thirtytwoblockOne/sixteenblockZero/eightblockOne/fourblockZero/twob
   lockOne/adder/a[15]_b[15]_add_1_OUT<15 : 0> on block top is not
   reconstructed, because there are some missing bus signals.
WARNING:NetListWriters:306 - Signal bus
   theBigOne/thirtytwoblockOne/sixteenblockZero/eightblockOne/fourblockZero/twob
   lockZero/adder/a[15]_b[15]_add_1_OUT<15 : 0> on block top is not
   reconstructed, because there are some missing bus signals.
WARNING:NetListWriters:306 - Signal bus
   theBigOne/thirtytwoblockOne/sixteenblockZero/eightblockOne/fourblockZero/adde
   r/a[15]_b[15]_add_1_OUT<15 : 0> on block top is not reconstructed, because
   there are some missing bus signals.
WARNING:NetListWriters:306 - Signal bus
   theBigOne/thirtytwoblockOne/sixteenblockZero/eightblockOne/fourblockOne/adder
   /sum<15 : 0> on block top is not reconstructed, because there are some
   missing bus signals.
WARNING:NetListWriters:306 - Signal bus
   theBigOne/thirtytwoblockOne/sixteenblockZero/eightblockOne/fourblockZero/adde
   r/sum<15 : 0> on block top is not reconstructed, because there are some
   missing bus signals.
WARNING:NetListWriters:306 - Signal bus
   theBigOne/thirtytwoblockOne/sixteenblockZero/eightblockOne/adder/a[15]_b[15]_
   add_1_OUT<15 : 0> on block top is not reconstructed, because there are some
   missing bus signals.
WARNING:NetListWriters:306 - Signal bus
   theBigOne/thirtytwoblockOne/sixteenblockZero/eightblockZero/fourblockOne/adde
   r/sum<15 : 0> on block top is not reconstructed, because there are some
   missing bus signals.
WARNING:NetListWriters:306 - Signal bus
   theBigOne/thirtytwoblockOne/sixteenblockZero/eightblockZero/fourblockZero/add
   er/sum<15 : 0> on block top is not reconstructed, because there are some
   missing bus signals.
WARNING:NetListWriters:306 - Signal bus
   theBigOne/thirtytwoblockOne/sixteenblockZero/eightblockZero/adder/a[15]_b[15]
   _add_1_OUT<15 : 0> on block top is not reconstructed, because there are some
   missing bus signals.
WARNING:NetListWriters:306 - Signal bus
   theBigOne/thirtytwoblockOne/sixteenblockOne/eightblockOne/fourblockOne/adder/
   sum<15 : 0> on block top is not reconstructed, because there are some missing
   bus signals.
WARNING:NetListWriters:306 - Signal bus
   theBigOne/thirtytwoblockOne/sixteenblockOne/eightblockOne/fourblockZero/adder
   /sum<15 : 0> on block top is not reconstructed, because there are some
   missing bus signals.
WARNING:NetListWriters:306 - Signal bus
   theBigOne/thirtytwoblockOne/sixteenblockOne/eightblockOne/adder/a[15]_b[15]_a
   dd_1_OUT<15 : 0> on block top is not reconstructed, because there are some
   missing bus signals.
WARNING:NetListWriters:306 - Signal bus
   theBigOne/thirtytwoblockOne/sixteenblockOne/eightblockZero/fourblockOne/adder
   /sum<15 : 0> on block top is not reconstructed, because there are some
   missing bus signals.
WARNING:NetListWriters:306 - Signal bus
   theBigOne/thirtytwoblockOne/sixteenblockOne/eightblockZero/fourblockZero/adde
   r/sum<15 : 0> on block top is not reconstructed, because there are some
   missing bus signals.
WARNING:NetListWriters:306 - Signal bus
   theBigOne/thirtytwoblockOne/sixteenblockOne/eightblockZero/adder/a[15]_b[15]_
   add_1_OUT<15 : 0> on block top is not reconstructed, because there are some
   missing bus signals.
WARNING:NetListWriters:306 - Signal bus
   theBigOne/thirtytwoblockZero/sixteenblockZero/eightblockOne/fourblockOne/adde
   r/sum<15 : 0> on block top is not reconstructed, because there are some
   missing bus signals.
WARNING:NetListWriters:306 - Signal bus
   theBigOne/thirtytwoblockZero/sixteenblockZero/eightblockOne/fourblockZero/add
   er/sum<15 : 0> on block top is not reconstructed, because there are some
   missing bus signals.
WARNING:NetListWriters:306 - Signal bus
   theBigOne/thirtytwoblockZero/sixteenblockZero/eightblockOne/adder/a[15]_b[15]
   _add_1_OUT<15 : 0> on block top is not reconstructed, because there are some
   missing bus signals.
WARNING:NetListWriters:306 - Signal bus
   theBigOne/thirtytwoblockZero/sixteenblockZero/eightblockZero/fourblockOne/add
   er/sum<15 : 0> on block top is not reconstructed, because there are some
   missing bus signals.
WARNING:NetListWriters:306 - Signal bus
   theBigOne/thirtytwoblockZero/sixteenblockZero/eightblockZero/fourblockZero/ad
   der/sum<15 : 0> on block top is not reconstructed, because there are some
   missing bus signals.
WARNING:NetListWriters:306 - Signal bus
   theBigOne/thirtytwoblockZero/sixteenblockZero/eightblockZero/adder/a[15]_b[15
   ]_add_1_OUT<15 : 0> on block top is not reconstructed, because there are some
   missing bus signals.
WARNING:NetListWriters:306 - Signal bus
   theBigOne/thirtytwoblockZero/sixteenblockOne/eightblockOne/fourblockOne/adder
   /sum<15 : 0> on block top is not reconstructed, because there are some
   missing bus signals.
WARNING:NetListWriters:306 - Signal bus
   theBigOne/thirtytwoblockZero/sixteenblockOne/eightblockOne/fourblockZero/adde
   r/sum<15 : 0> on block top is not reconstructed, because there are some
   missing bus signals.
WARNING:NetListWriters:306 - Signal bus
   theBigOne/thirtytwoblockZero/sixteenblockOne/eightblockOne/adder/a[15]_b[15]_
   add_1_OUT<15 : 0> on block top is not reconstructed, because there are some
   missing bus signals.
WARNING:NetListWriters:306 - Signal bus
   theBigOne/thirtytwoblockZero/sixteenblockOne/eightblockZero/fourblockOne/adde
   r/sum<15 : 0> on block top is not reconstructed, because there are some
   missing bus signals.
WARNING:NetListWriters:306 - Signal bus
   theBigOne/thirtytwoblockZero/sixteenblockOne/eightblockZero/fourblockZero/add
   er/sum<15 : 0> on block top is not reconstructed, because there are some
   missing bus signals.
WARNING:NetListWriters:306 - Signal bus
   theBigOne/thirtytwoblockZero/sixteenblockOne/eightblockZero/adder/a[15]_b[15]
   _add_1_OUT<15 : 0> on block top is not reconstructed, because there are some
   missing bus signals.
WARNING:NetListWriters:306 - Signal bus
   theBigOne/thirtytwoblockZero/sixteenblockOne/eightblockOne/adder/sum<15 : 0>
   on block top is not reconstructed, because there are some missing bus
   signals.
WARNING:NetListWriters:306 - Signal bus
   theBigOne/thirtytwoblockZero/sixteenblockOne/eightblockZero/adder/sum<15 : 0>
   on block top is not reconstructed, because there are some missing bus
   signals.
WARNING:NetListWriters:306 - Signal bus
   theBigOne/thirtytwoblockZero/sixteenblockOne/adder/a[15]_b[15]_add_1_OUT<15 :
   0> on block top is not reconstructed, because there are some missing bus
   signals.
WARNING:NetListWriters:306 - Signal bus
   theBigOne/thirtytwoblockZero/sixteenblockZero/eightblockOne/adder/sum<15 : 0>
   on block top is not reconstructed, because there are some missing bus
   signals.
WARNING:NetListWriters:306 - Signal bus
   theBigOne/thirtytwoblockZero/sixteenblockZero/eightblockZero/adder/sum<15 :
   0> on block top is not reconstructed, because there are some missing bus
   signals.
WARNING:NetListWriters:306 - Signal bus
   theBigOne/thirtytwoblockZero/sixteenblockZero/adder/a[15]_b[15]_add_1_OUT<15
   : 0> on block top is not reconstructed, because there are some missing bus
   signals.
WARNING:NetListWriters:306 - Signal bus
   theBigOne/thirtytwoblockOne/sixteenblockOne/eightblockOne/adder/sum<15 : 0>
   on block top is not reconstructed, because there are some missing bus
   signals.
WARNING:NetListWriters:306 - Signal bus
   theBigOne/thirtytwoblockOne/sixteenblockOne/eightblockZero/adder/sum<15 : 0>
   on block top is not reconstructed, because there are some missing bus
   signals.
WARNING:NetListWriters:306 - Signal bus
   theBigOne/thirtytwoblockOne/sixteenblockOne/adder/a[15]_b[15]_add_1_OUT<15 :
   0> on block top is not reconstructed, because there are some missing bus
   signals.
WARNING:NetListWriters:306 - Signal bus
   theBigOne/thirtytwoblockOne/sixteenblockZero/eightblockOne/adder/sum<15 : 0>
   on block top is not reconstructed, because there are some missing bus
   signals.
WARNING:NetListWriters:306 - Signal bus
   theBigOne/thirtytwoblockOne/sixteenblockZero/eightblockZero/adder/sum<15 : 0>
   on block top is not reconstructed, because there are some missing bus
   signals.
WARNING:NetListWriters:306 - Signal bus
   theBigOne/thirtytwoblockOne/sixteenblockZero/adder/a[15]_b[15]_add_1_OUT<15 :
   0> on block top is not reconstructed, because there are some missing bus
   signals.
WARNING:NetListWriters:306 - Signal bus
   theBigOne/thirtytwoblockOne/sixteenblockOne/adder/sum<15 : 0> on block top is
   not reconstructed, because there are some missing bus signals.
WARNING:NetListWriters:306 - Signal bus
   theBigOne/thirtytwoblockOne/sixteenblockZero/adder/sum<15 : 0> on block top
   is not reconstructed, because there are some missing bus signals.
WARNING:NetListWriters:306 - Signal bus
   theBigOne/thirtytwoblockOne/adder/a[15]_b[15]_add_1_OUT<15 : 0> on block top
   is not reconstructed, because there are some missing bus signals.
WARNING:NetListWriters:306 - Signal bus
   theBigOne/thirtytwoblockZero/sixteenblockOne/adder/sum<15 : 0> on block top
   is not reconstructed, because there are some missing bus signals.
WARNING:NetListWriters:306 - Signal bus
   theBigOne/thirtytwoblockZero/sixteenblockZero/adder/sum<15 : 0> on block top
   is not reconstructed, because there are some missing bus signals.
WARNING:NetListWriters:306 - Signal bus
   theBigOne/thirtytwoblockZero/adder/a[15]_b[15]_add_1_OUT<15 : 0> on block top
   is not reconstructed, because there are some missing bus signals.
WARNING:NetListWriters:306 - Signal bus
   theBigOne/thirtytwoblockZero/adder/sum<15 : 0> on block top is not
   reconstructed, because there are some missing bus signals.
WARNING:NetListWriters:306 - Signal bus theBigOne/thirtytwoblockOne/adder/sum<15
   : 0> on block top is not reconstructed, because there are some missing bus
   signals.
  finished :Prep
Writing EDIF netlist file top.edif ...
ngc2edif: Total memory usage is 221072 kilobytes

INFO: [Common 17-41] Interrupt caught. Command should exit soon.
Parsing EDIF File [./planAhead_run_3/Thesis.data/cache/top_ngc_7a7d325b.edif]
INFO: [Common 17-344] 'link_design' was cancelled
INFO: [Common 17-344] 'source' was cancelled
exit
ERROR: [Common 17-39] 'stop_gui' failed due to earlier errors.
INFO: [Common 17-206] Exiting PlanAhead at Mon Apr 27 16:26:22 2020...
INFO: [Common 17-83] Releasing license: PlanAhead
